TpTrace Verbose: 0 : 77684, 1, 2024/04/24, 09:49:28.825, 10599394756990, vstest.console.dll, Version: 17.9.0-release-23627-01 Current process architecture: X64
TpTrace Verbose: 0 : 77684, 1, 2024/04/24, 09:49:28.828, 10599394788527, vstest.console.dll, Runtime location: C:\Program Files\dotnet\shared\Microsoft.NETCore.App\8.0.2
TpTrace Verbose: 0 : 77684, 1, 2024/04/24, 09:49:28.830, 10599394807582, vstest.console.dll, ArtifactProcessingPostProcessModeProcessorExecutor.Initialize: ArtifactProcessingMode.Collect
TpTrace Verbose: 0 : 77684, 1, 2024/04/24, 09:49:28.830, 10599394810017, vstest.console.dll, TestSessionCorrelationIdProcessorModeProcessorExecutor.Initialize: TestSessionCorrelationId '64488_fd350687-fd34-4c98-a26c-b0cb3857b75a'
TpTrace Information: 0 : 77684, 1, 2024/04/24, 09:49:28.838, 10599394888873, vstest.console.dll, FilePatternParser: The given file D:\GenSpark\Presidio\Participants\Day7\RequestTrackerSolution\RequestTrackerTest\bin\Debug\net6.0\fine-code-coverage\build-output\RequestTrackerTest.dll is a full path.
TpTrace Verbose: 0 : 77684, 1, 2024/04/24, 09:49:28.843, 10599394942027, vstest.console.dll, TestPluginCache.DiscoverTestExtensions: finding test extensions in assemblies ends with: RuntimeProvider.dll TPluginInfo: Microsoft.VisualStudio.TestPlatform.Common.ExtensionFramework.Utilities.TestRuntimePluginInformation TExtension: Microsoft.VisualStudio.TestPlatform.ObjectModel.Host.ITestRuntimeProvider
TpTrace Verbose: 0 : 77684, 1, 2024/04/24, 09:49:28.844, 10599394946953, vstest.console.dll, TestPluginCache.GetExtensionPaths: Filtered extension paths: 
TpTrace Verbose: 0 : 77684, 1, 2024/04/24, 09:49:28.844, 10599394948136, vstest.console.dll, TestPluginCache.GetExtensionPaths: Added default extension paths: C:\Program Files\dotnet\sdk\8.0.200\Extensions\Microsoft.Diagnostics.NETCore.Client.dll
C:\Program Files\dotnet\sdk\8.0.200\Extensions\Microsoft.TestPlatform.Extensions.BlameDataCollector.dll
C:\Program Files\dotnet\sdk\8.0.200\Extensions\Microsoft.TestPlatform.Extensions.EventLogCollector.dll
C:\Program Files\dotnet\sdk\8.0.200\Extensions\Microsoft.TestPlatform.TestHostRuntimeProvider.dll
C:\Program Files\dotnet\sdk\8.0.200\Extensions\Microsoft.VisualStudio.TestPlatform.Extensions.Html.TestLogger.dll
C:\Program Files\dotnet\sdk\8.0.200\Extensions\Microsoft.VisualStudio.TestPlatform.Extensions.Trx.TestLogger.dll
TpTrace Verbose: 0 : 77684, 1, 2024/04/24, 09:49:28.844, 10599394948507, vstest.console.dll, TestPluginCache.GetExtensionPaths: Added unfilterableExtensionPaths: 
TpTrace Information: 0 : 77684, 1, 2024/04/24, 09:49:28.845, 10599394955827, vstest.console.dll, AssemblyResolver.ctor: Creating AssemblyResolver with searchDirectories C:\Program Files\dotnet\sdk\8.0.200\Extensions,C:\Program Files\dotnet\sdk\8.0.200
TpTrace Verbose: 0 : 77684, 1, 2024/04/24, 09:49:28.846, 10599394973282, vstest.console.dll, TestPluginCache.DiscoverTestExtensions: Discovering the extensions using extension path.
TpTrace Verbose: 0 : 77684, 1, 2024/04/24, 09:49:28.847, 10599394975683, vstest.console.dll, TestPluginCache.GetExtensionPaths: Filtered extension paths: 
TpTrace Verbose: 0 : 77684, 1, 2024/04/24, 09:49:28.847, 10599394976162, vstest.console.dll, TestPluginCache.GetExtensionPaths: Added default extension paths: C:\Program Files\dotnet\sdk\8.0.200\Extensions\Microsoft.Diagnostics.NETCore.Client.dll
C:\Program Files\dotnet\sdk\8.0.200\Extensions\Microsoft.TestPlatform.Extensions.BlameDataCollector.dll
C:\Program Files\dotnet\sdk\8.0.200\Extensions\Microsoft.TestPlatform.Extensions.EventLogCollector.dll
C:\Program Files\dotnet\sdk\8.0.200\Extensions\Microsoft.TestPlatform.TestHostRuntimeProvider.dll
C:\Program Files\dotnet\sdk\8.0.200\Extensions\Microsoft.VisualStudio.TestPlatform.Extensions.Html.TestLogger.dll
C:\Program Files\dotnet\sdk\8.0.200\Extensions\Microsoft.VisualStudio.TestPlatform.Extensions.Trx.TestLogger.dll
TpTrace Verbose: 0 : 77684, 1, 2024/04/24, 09:49:28.847, 10599394976469, vstest.console.dll, TestPluginCache.GetExtensionPaths: Added unfilterableExtensionPaths: 
TpTrace Verbose: 0 : 77684, 1, 2024/04/24, 09:49:28.847, 10599394977928, vstest.console.dll, TestPluginCache.DiscoverTestExtensions: Discovering the extensions using allExtensionPaths: C:\Program Files\dotnet\sdk\8.0.200\Extensions\Microsoft.Diagnostics.NETCore.Client.dll
C:\Program Files\dotnet\sdk\8.0.200\Extensions\Microsoft.TestPlatform.Extensions.BlameDataCollector.dll
C:\Program Files\dotnet\sdk\8.0.200\Extensions\Microsoft.TestPlatform.Extensions.EventLogCollector.dll
C:\Program Files\dotnet\sdk\8.0.200\Extensions\Microsoft.TestPlatform.TestHostRuntimeProvider.dll
C:\Program Files\dotnet\sdk\8.0.200\Extensions\Microsoft.VisualStudio.TestPlatform.Extensions.Html.TestLogger.dll
C:\Program Files\dotnet\sdk\8.0.200\Extensions\Microsoft.VisualStudio.TestPlatform.Extensions.Trx.TestLogger.dll
TpTrace Information: 0 : 77684, 1, 2024/04/24, 09:49:28.847, 10599394979414, vstest.console.dll, AssemblyResolver.AddSearchDirectories: Adding more searchDirectories C:\Program Files\dotnet\sdk\8.0.200\Extensions,C:\Program Files\dotnet\sdk\8.0.200
TpTrace Information: 0 : 77684, 1, 2024/04/24, 09:49:28.847, 10599394980014, vstest.console.dll, AssemblyResolver.AddSearchDirectories: Adding more searchDirectories C:\Program Files\dotnet\sdk\8.0.200\Extensions,C:\Program Files\dotnet\sdk\8.0.200
TpTrace Information: 0 : 77684, 1, 2024/04/24, 09:49:28.847, 10599394980287, vstest.console.dll, AssemblyResolver.AddSearchDirectories: Adding more searchDirectories C:\Program Files\dotnet\sdk\8.0.200\Extensions,C:\Program Files\dotnet\sdk\8.0.200
TpTrace Information: 0 : 77684, 1, 2024/04/24, 09:49:28.847, 10599394980591, vstest.console.dll, AssemblyResolver.AddSearchDirectories: Adding more searchDirectories C:\Program Files\dotnet\sdk\8.0.200\Extensions,C:\Program Files\dotnet\sdk\8.0.200
TpTrace Information: 0 : 77684, 1, 2024/04/24, 09:49:28.847, 10599394980898, vstest.console.dll, AssemblyResolver.AddSearchDirectories: Adding more searchDirectories C:\Program Files\dotnet\sdk\8.0.200\Extensions,C:\Program Files\dotnet\sdk\8.0.200
TpTrace Information: 0 : 77684, 1, 2024/04/24, 09:49:28.847, 10599394981196, vstest.console.dll, AssemblyResolver.AddSearchDirectories: Adding more searchDirectories C:\Program Files\dotnet\sdk\8.0.200\Extensions,C:\Program Files\dotnet\sdk\8.0.200
TpTrace Information: 0 : 77684, 1, 2024/04/24, 09:49:28.848, 10599394988045, vstest.console.dll, AssemblyResolver.OnResolve: Microsoft.Diagnostics.NETCore.Client: Resolving assembly.
TpTrace Information: 0 : 77684, 1, 2024/04/24, 09:49:28.848, 10599394989193, vstest.console.dll, AssemblyResolver.OnResolve: Microsoft.Diagnostics.NETCore.Client: Searching in: 'C:\Program Files\dotnet\sdk\8.0.200\Extensions'.
TpTrace Information: 0 : 77684, 1, 2024/04/24, 09:49:28.857, 10599395084983, vstest.console.dll, AssemblyResolver.OnResolve: Microsoft.Diagnostics.NETCore.Client: Loading assembly 'C:\Program Files\dotnet\sdk\8.0.200\Extensions\Microsoft.Diagnostics.NETCore.Client.dll'.
TpTrace Information: 0 : 77684, 1, 2024/04/24, 09:49:28.858, 10599395091667, vstest.console.dll, AssemblyResolver.OnResolve: Resolved assembly: Microsoft.Diagnostics.NETCore.Client, from path: C:\Program Files\dotnet\sdk\8.0.200\Extensions\Microsoft.Diagnostics.NETCore.Client.dll
TpTrace Verbose: 0 : 77684, 1, 2024/04/24, 09:49:28.863, 10599395140836, vstest.console.dll, MetadataReaderExtensionsHelper: Discovering extensions inside assembly 'Microsoft.Diagnostics.NETCore.Client, Version=0.2.9.2401, Culture=neutral, PublicKeyToken=31bf3856ad364e35' file path 'C:\Program Files\dotnet\sdk\8.0.200\Extensions\Microsoft.Diagnostics.NETCore.Client.dll'
TpTrace Information: 0 : 77684, 1, 2024/04/24, 09:49:28.867, 10599395178439, vstest.console.dll, AssemblyResolver.OnResolve: Microsoft.Bcl.AsyncInterfaces: Resolving assembly.
TpTrace Information: 0 : 77684, 1, 2024/04/24, 09:49:28.867, 10599395179514, vstest.console.dll, AssemblyResolver.OnResolve: Microsoft.Bcl.AsyncInterfaces: Searching in: 'C:\Program Files\dotnet\sdk\8.0.200\Extensions'.
TpTrace Information: 0 : 77684, 1, 2024/04/24, 09:49:28.867, 10599395180279, vstest.console.dll, AssemblyResolver.OnResolve: Microsoft.Bcl.AsyncInterfaces: Assembly path does not exist: 'C:\Program Files\dotnet\sdk\8.0.200\Extensions\Microsoft.Bcl.AsyncInterfaces.dll', returning.
TpTrace Information: 0 : 77684, 1, 2024/04/24, 09:49:28.867, 10599395181098, vstest.console.dll, AssemblyResolver.OnResolve: Microsoft.Bcl.AsyncInterfaces: Assembly path does not exist: 'C:\Program Files\dotnet\sdk\8.0.200\Extensions\Microsoft.Bcl.AsyncInterfaces.exe', returning.
TpTrace Information: 0 : 77684, 1, 2024/04/24, 09:49:28.867, 10599395181335, vstest.console.dll, AssemblyResolver.OnResolve: Microsoft.Bcl.AsyncInterfaces: Searching in: 'C:\Program Files\dotnet\sdk\8.0.200'.
TpTrace Information: 0 : 77684, 1, 2024/04/24, 09:49:28.867, 10599395181737, vstest.console.dll, AssemblyResolver.OnResolve: Microsoft.Bcl.AsyncInterfaces: Assembly path does not exist: 'C:\Program Files\dotnet\sdk\8.0.200\Microsoft.Bcl.AsyncInterfaces.dll', returning.
TpTrace Information: 0 : 77684, 1, 2024/04/24, 09:49:28.867, 10599395182060, vstest.console.dll, AssemblyResolver.OnResolve: Microsoft.Bcl.AsyncInterfaces: Assembly path does not exist: 'C:\Program Files\dotnet\sdk\8.0.200\Microsoft.Bcl.AsyncInterfaces.exe', returning.
TpTrace Information: 0 : 77684, 1, 2024/04/24, 09:49:28.867, 10599395182310, vstest.console.dll, AssemblyResolver.OnResolve: Microsoft.Bcl.AsyncInterfaces: Failed to load assembly.
TpTrace Verbose: 0 : 77684, 1, 2024/04/24, 09:49:28.867, 10599395182590, vstest.console.dll, CurrentDomainAssemblyResolve: Resolving assembly 'Microsoft.Bcl.AsyncInterfaces'.
TpTrace Information: 0 : 77684, 1, 2024/04/24, 09:49:28.867, 10599395183092, vstest.console.dll, AssemblyResolver.OnResolve: Microsoft.Bcl.AsyncInterfaces: Resolving assembly.
TpTrace Information: 0 : 77684, 1, 2024/04/24, 09:49:28.867, 10599395183397, vstest.console.dll, AssemblyResolver.OnResolve: Microsoft.Bcl.AsyncInterfaces: Resolved from cache.
TpTrace Verbose: 0 : 77684, 1, 2024/04/24, 09:49:28.867, 10599395183576, vstest.console.dll, CurrentDomainAssemblyResolve: Resolving assembly 'Microsoft.Bcl.AsyncInterfaces'.
TpTrace Verbose: 0 : 77684, 1, 2024/04/24, 09:49:28.867, 10599395183824, vstest.console.dll, CurrentDomainAssemblyResolve: Failed to resolve assembly 'Microsoft.Bcl.AsyncInterfaces'.
TpTrace Verbose: 0 : 77684, 1, 2024/04/24, 09:49:28.868, 10599395188842, vstest.console.dll, CurrentDomainAssemblyResolve: Failed to resolve assembly 'Microsoft.Bcl.AsyncInterfaces'.
TpTrace Warning: 0 : 77684, 1, 2024/04/24, 09:49:28.876, 10599395271790, vstest.console.dll, TestPluginDiscoverer: Failed to get types from assembly 'Microsoft.Diagnostics.NETCore.Client, Version=0.2.9.2401, Culture=neutral, PublicKeyToken=31bf3856ad364e35'. Error: System.Reflection.ReflectionTypeLoadException: Unable to load one or more of the requested types.
Could not load file or assembly 'Microsoft.Bcl.AsyncInterfaces, Version=6.0.0.0, Culture=neutral, PublicKeyToken=cc7b13ffcd2ddd51'. The system cannot find the file specified.
   at System.Reflection.RuntimeModule.GetTypes(RuntimeModule module)
   at System.Reflection.RuntimeModule.GetTypes()
   at Microsoft.VisualStudio.TestPlatform.Common.ExtensionFramework.TestPluginDiscoverer.GetTestExtensionsFromAssembly[TPluginInfo,TExtension](Assembly assembly, Dictionary`2 pluginInfos, String filePath) in /_/src/Microsoft.TestPlatform.Common/ExtensionFramework/TestPluginDiscoverer.cs:line 158
System.IO.FileNotFoundException: Could not load file or assembly 'Microsoft.Bcl.AsyncInterfaces, Version=6.0.0.0, Culture=neutral, PublicKeyToken=cc7b13ffcd2ddd51'. The system cannot find the file specified.
File name: 'Microsoft.Bcl.AsyncInterfaces, Version=6.0.0.0, Culture=neutral, PublicKeyToken=cc7b13ffcd2ddd51'
 ---> System.IO.FileNotFoundException: Could not load file or assembly 'Microsoft.Bcl.AsyncInterfaces, Culture=neutral, PublicKeyToken=null'. The system cannot find the file specified.
File name: 'Microsoft.Bcl.AsyncInterfaces, Culture=neutral, PublicKeyToken=null'
   at System.Reflection.RuntimeAssembly.InternalLoad(AssemblyName assemblyName, StackCrawlMark& stackMark, AssemblyLoadContext assemblyLoadContext, RuntimeAssembly requestingAssembly, Boolean throwOnFileNotFound)
   at System.Reflection.Assembly.Load(AssemblyName assemblyRef)
   at Microsoft.VisualStudio.TestPlatform.Common.ExtensionFramework.TestPluginCache.CurrentDomainAssemblyResolve(Object sender, AssemblyResolveEventArgs args) in /_/src/Microsoft.TestPlatform.Common/ExtensionFramework/TestPluginCache.cs:line 513
   at System.Runtime.Loader.AssemblyLoadContext.GetFirstResolvedAssemblyFromResolvingEvent(AssemblyName assemblyName)
   at System.Runtime.Loader.AssemblyLoadContext.ResolveUsingEvent(AssemblyName assemblyName)
   at System.Runtime.Loader.AssemblyLoadContext.ResolveUsingResolvingEvent(IntPtr gchManagedAssemblyLoadContext, AssemblyName assemblyName)
TpTrace Warning: 0 : 77684, 1, 2024/04/24, 09:49:28.877, 10599395275928, vstest.console.dll, LoaderExceptions: System.IO.FileNotFoundException: Could not load file or assembly 'Microsoft.Bcl.AsyncInterfaces, Version=6.0.0.0, Culture=neutral, PublicKeyToken=cc7b13ffcd2ddd51'. The system cannot find the file specified.
File name: 'Microsoft.Bcl.AsyncInterfaces, Version=6.0.0.0, Culture=neutral, PublicKeyToken=cc7b13ffcd2ddd51'
 ---> System.IO.FileNotFoundException: Could not load file or assembly 'Microsoft.Bcl.AsyncInterfaces, Culture=neutral, PublicKeyToken=null'. The system cannot find the file specified.
File name: 'Microsoft.Bcl.AsyncInterfaces, Culture=neutral, PublicKeyToken=null'
   at System.Reflection.RuntimeAssembly.InternalLoad(AssemblyName assemblyName, StackCrawlMark& stackMark, AssemblyLoadContext assemblyLoadContext, RuntimeAssembly requestingAssembly, Boolean throwOnFileNotFound)
   at System.Reflection.Assembly.Load(AssemblyName assemblyRef)
   at Microsoft.VisualStudio.TestPlatform.Common.ExtensionFramework.TestPluginCache.CurrentDomainAssemblyResolve(Object sender, AssemblyResolveEventArgs args) in /_/src/Microsoft.TestPlatform.Common/ExtensionFramework/TestPluginCache.cs:line 513
   at System.Runtime.Loader.AssemblyLoadContext.GetFirstResolvedAssemblyFromResolvingEvent(AssemblyName assemblyName)
   at System.Runtime.Loader.AssemblyLoadContext.ResolveUsingEvent(AssemblyName assemblyName)
   at System.Runtime.Loader.AssemblyLoadContext.ResolveUsingResolvingEvent(IntPtr gchManagedAssemblyLoadContext, AssemblyName assemblyName)
TpTrace Information: 0 : 77684, 1, 2024/04/24, 09:49:28.877, 10599395277455, vstest.console.dll, AssemblyResolver.OnResolve: Microsoft.TestPlatform.Extensions.BlameDataCollector: Resolving assembly.
TpTrace Information: 0 : 77684, 1, 2024/04/24, 09:49:28.877, 10599395277778, vstest.console.dll, AssemblyResolver.OnResolve: Microsoft.TestPlatform.Extensions.BlameDataCollector: Searching in: 'C:\Program Files\dotnet\sdk\8.0.200\Extensions'.
TpTrace Information: 0 : 77684, 1, 2024/04/24, 09:49:28.877, 10599395280558, vstest.console.dll, AssemblyResolver.OnResolve: Microsoft.TestPlatform.Extensions.BlameDataCollector: Loading assembly 'C:\Program Files\dotnet\sdk\8.0.200\Extensions\Microsoft.TestPlatform.Extensions.BlameDataCollector.dll'.
TpTrace Information: 0 : 77684, 1, 2024/04/24, 09:49:28.878, 10599395286086, vstest.console.dll, AssemblyResolver.OnResolve: Resolved assembly: Microsoft.TestPlatform.Extensions.BlameDataCollector, from path: C:\Program Files\dotnet\sdk\8.0.200\Extensions\Microsoft.TestPlatform.Extensions.BlameDataCollector.dll
TpTrace Verbose: 0 : 77684, 1, 2024/04/24, 09:49:28.878, 10599395287142, vstest.console.dll, MetadataReaderExtensionsHelper: Discovering extensions inside assembly 'Microsoft.TestPlatform.Extensions.BlameDataCollector, Version=15.0.0.0, Culture=neutral, PublicKeyToken=b03f5f7f11d50a3a' file path 'C:\Program Files\dotnet\sdk\8.0.200\Extensions\Microsoft.TestPlatform.Extensions.BlameDataCollector.dll'
TpTrace Information: 0 : 77684, 1, 2024/04/24, 09:49:28.879, 10599395302362, vstest.console.dll, AssemblyResolver.OnResolve: Microsoft.TestPlatform.Extensions.EventLogCollector: Resolving assembly.
TpTrace Information: 0 : 77684, 1, 2024/04/24, 09:49:28.879, 10599395304703, vstest.console.dll, AssemblyResolver.OnResolve: Microsoft.TestPlatform.Extensions.EventLogCollector: Searching in: 'C:\Program Files\dotnet\sdk\8.0.200\Extensions'.
TpTrace Information: 0 : 77684, 1, 2024/04/24, 09:49:28.880, 10599395310227, vstest.console.dll, AssemblyResolver.OnResolve: Microsoft.TestPlatform.Extensions.EventLogCollector: Loading assembly 'C:\Program Files\dotnet\sdk\8.0.200\Extensions\Microsoft.TestPlatform.Extensions.EventLogCollector.dll'.
TpTrace Information: 0 : 77684, 1, 2024/04/24, 09:49:28.881, 10599395315655, vstest.console.dll, AssemblyResolver.OnResolve: Resolved assembly: Microsoft.TestPlatform.Extensions.EventLogCollector, from path: C:\Program Files\dotnet\sdk\8.0.200\Extensions\Microsoft.TestPlatform.Extensions.EventLogCollector.dll
TpTrace Verbose: 0 : 77684, 1, 2024/04/24, 09:49:28.881, 10599395316796, vstest.console.dll, MetadataReaderExtensionsHelper: Discovering extensions inside assembly 'Microsoft.TestPlatform.Extensions.EventLogCollector, Version=15.0.0.0, Culture=neutral, PublicKeyToken=b03f5f7f11d50a3a' file path 'C:\Program Files\dotnet\sdk\8.0.200\Extensions\Microsoft.TestPlatform.Extensions.EventLogCollector.dll'
TpTrace Information: 0 : 77684, 1, 2024/04/24, 09:49:28.882, 10599395335290, vstest.console.dll, AssemblyResolver.OnResolve: Microsoft.TestPlatform.TestHostRuntimeProvider: Resolving assembly.
TpTrace Information: 0 : 77684, 1, 2024/04/24, 09:49:28.883, 10599395335959, vstest.console.dll, AssemblyResolver.OnResolve: Microsoft.TestPlatform.TestHostRuntimeProvider: Searching in: 'C:\Program Files\dotnet\sdk\8.0.200\Extensions'.
TpTrace Information: 0 : 77684, 1, 2024/04/24, 09:49:28.883, 10599395338003, vstest.console.dll, AssemblyResolver.OnResolve: Microsoft.TestPlatform.TestHostRuntimeProvider: Loading assembly 'C:\Program Files\dotnet\sdk\8.0.200\Extensions\Microsoft.TestPlatform.TestHostRuntimeProvider.dll'.
TpTrace Information: 0 : 77684, 1, 2024/04/24, 09:49:28.883, 10599395340952, vstest.console.dll, AssemblyResolver.OnResolve: Resolved assembly: Microsoft.TestPlatform.TestHostRuntimeProvider, from path: C:\Program Files\dotnet\sdk\8.0.200\Extensions\Microsoft.TestPlatform.TestHostRuntimeProvider.dll
TpTrace Verbose: 0 : 77684, 1, 2024/04/24, 09:49:28.883, 10599395341476, vstest.console.dll, MetadataReaderExtensionsHelper: Discovering extensions inside assembly 'Microsoft.TestPlatform.TestHostRuntimeProvider, Version=15.0.0.0, Culture=neutral, PublicKeyToken=b03f5f7f11d50a3a' file path 'C:\Program Files\dotnet\sdk\8.0.200\Extensions\Microsoft.TestPlatform.TestHostRuntimeProvider.dll'
TpTrace Information: 0 : 77684, 1, 2024/04/24, 09:49:28.885, 10599395357716, vstest.console.dll, GetTestExtensionFromType: Register extension with identifier data 'HostProvider://DefaultTestHost' and type 'Microsoft.VisualStudio.TestPlatform.CrossPlatEngine.Hosting.DefaultTestHostManager, Microsoft.TestPlatform.TestHostRuntimeProvider, Version=15.0.0.0, Culture=neutral, PublicKeyToken=b03f5f7f11d50a3a' inside file 'C:\Program Files\dotnet\sdk\8.0.200\Extensions\Microsoft.TestPlatform.TestHostRuntimeProvider.dll'
TpTrace Information: 0 : 77684, 1, 2024/04/24, 09:49:28.885, 10599395362819, vstest.console.dll, GetTestExtensionFromType: Register extension with identifier data 'HostProvider://DotnetTestHost' and type 'Microsoft.VisualStudio.TestPlatform.CrossPlatEngine.Hosting.DotnetTestHostManager, Microsoft.TestPlatform.TestHostRuntimeProvider, Version=15.0.0.0, Culture=neutral, PublicKeyToken=b03f5f7f11d50a3a' inside file 'C:\Program Files\dotnet\sdk\8.0.200\Extensions\Microsoft.TestPlatform.TestHostRuntimeProvider.dll'
TpTrace Information: 0 : 77684, 1, 2024/04/24, 09:49:28.885, 10599395363959, vstest.console.dll, AssemblyResolver.OnResolve: Microsoft.VisualStudio.TestPlatform.Extensions.Html.TestLogger: Resolving assembly.
TpTrace Information: 0 : 77684, 1, 2024/04/24, 09:49:28.885, 10599395364242, vstest.console.dll, AssemblyResolver.OnResolve: Microsoft.VisualStudio.TestPlatform.Extensions.Html.TestLogger: Searching in: 'C:\Program Files\dotnet\sdk\8.0.200\Extensions'.
TpTrace Information: 0 : 77684, 1, 2024/04/24, 09:49:28.886, 10599395367166, vstest.console.dll, AssemblyResolver.OnResolve: Microsoft.VisualStudio.TestPlatform.Extensions.Html.TestLogger: Loading assembly 'C:\Program Files\dotnet\sdk\8.0.200\Extensions\Microsoft.VisualStudio.TestPlatform.Extensions.Html.TestLogger.dll'.
TpTrace Information: 0 : 77684, 1, 2024/04/24, 09:49:28.886, 10599395370457, vstest.console.dll, AssemblyResolver.OnResolve: Resolved assembly: Microsoft.VisualStudio.TestPlatform.Extensions.Html.TestLogger, from path: C:\Program Files\dotnet\sdk\8.0.200\Extensions\Microsoft.VisualStudio.TestPlatform.Extensions.Html.TestLogger.dll
TpTrace Verbose: 0 : 77684, 1, 2024/04/24, 09:49:28.886, 10599395371116, vstest.console.dll, MetadataReaderExtensionsHelper: Discovering extensions inside assembly 'Microsoft.VisualStudio.TestPlatform.Extensions.Html.TestLogger, Version=15.0.0.0, Culture=neutral, PublicKeyToken=b03f5f7f11d50a3a' file path 'C:\Program Files\dotnet\sdk\8.0.200\Extensions\Microsoft.VisualStudio.TestPlatform.Extensions.Html.TestLogger.dll'
TpTrace Information: 0 : 77684, 1, 2024/04/24, 09:49:28.887, 10599395377312, vstest.console.dll, AssemblyResolver.OnResolve: Microsoft.VisualStudio.TestPlatform.Extensions.Trx.TestLogger: Resolving assembly.
TpTrace Information: 0 : 77684, 1, 2024/04/24, 09:49:28.887, 10599395377862, vstest.console.dll, AssemblyResolver.OnResolve: Microsoft.VisualStudio.TestPlatform.Extensions.Trx.TestLogger: Searching in: 'C:\Program Files\dotnet\sdk\8.0.200\Extensions'.
TpTrace Information: 0 : 77684, 1, 2024/04/24, 09:49:28.887, 10599395379822, vstest.console.dll, AssemblyResolver.OnResolve: Microsoft.VisualStudio.TestPlatform.Extensions.Trx.TestLogger: Loading assembly 'C:\Program Files\dotnet\sdk\8.0.200\Extensions\Microsoft.VisualStudio.TestPlatform.Extensions.Trx.TestLogger.dll'.
TpTrace Information: 0 : 77684, 1, 2024/04/24, 09:49:28.887, 10599395382974, vstest.console.dll, AssemblyResolver.OnResolve: Resolved assembly: Microsoft.VisualStudio.TestPlatform.Extensions.Trx.TestLogger, from path: C:\Program Files\dotnet\sdk\8.0.200\Extensions\Microsoft.VisualStudio.TestPlatform.Extensions.Trx.TestLogger.dll
TpTrace Verbose: 0 : 77684, 1, 2024/04/24, 09:49:28.887, 10599395383496, vstest.console.dll, MetadataReaderExtensionsHelper: Discovering extensions inside assembly 'Microsoft.VisualStudio.TestPlatform.Extensions.Trx.TestLogger, Version=15.0.0.0, Culture=neutral, PublicKeyToken=b03f5f7f11d50a3a' file path 'C:\Program Files\dotnet\sdk\8.0.200\Extensions\Microsoft.VisualStudio.TestPlatform.Extensions.Trx.TestLogger.dll'
TpTrace Verbose: 0 : 77684, 1, 2024/04/24, 09:49:28.888, 10599395391750, vstest.console.dll, TestPluginCache: Discovered the extensions using extension path ''.
TpTrace Verbose: 0 : 77684, 1, 2024/04/24, 09:49:28.888, 10599395392553, vstest.console.dll, TestPluginCache: Discoverers are ''.
TpTrace Verbose: 0 : 77684, 1, 2024/04/24, 09:49:28.888, 10599395392749, vstest.console.dll, TestPluginCache: Executors are ''.
TpTrace Verbose: 0 : 77684, 1, 2024/04/24, 09:49:28.888, 10599395392911, vstest.console.dll, TestPluginCache: Executors2 are ''.
TpTrace Verbose: 0 : 77684, 1, 2024/04/24, 09:49:28.888, 10599395393071, vstest.console.dll, TestPluginCache: Setting providers are ''.
TpTrace Verbose: 0 : 77684, 1, 2024/04/24, 09:49:28.888, 10599395393231, vstest.console.dll, TestPluginCache: Loggers are ''.
TpTrace Verbose: 0 : 77684, 1, 2024/04/24, 09:49:28.888, 10599395394758, vstest.console.dll, TestPluginCache: TestHosts are 'HostProvider://DefaultTestHost,HostProvider://DotnetTestHost'.
TpTrace Verbose: 0 : 77684, 1, 2024/04/24, 09:49:28.888, 10599395395027, vstest.console.dll, TestPluginCache: DataCollectors are ''.
TpTrace Information: 0 : 77684, 1, 2024/04/24, 09:49:28.899, 10599395501512, vstest.console.dll, RunTestsArgumentProcessor:Execute: Test run is starting.
TpTrace Verbose: 0 : 77684, 1, 2024/04/24, 09:49:28.899, 10599395502587, vstest.console.dll, RunTestsArgumentProcessor:Execute: Queuing Test run.
TpTrace Information: 0 : 77684, 1, 2024/04/24, 09:49:28.899, 10599395504862, vstest.console.dll, TestRequestManager.RunTests: run tests started.
TpTrace Information: 0 : 77684, 1, 2024/04/24, 09:49:28.901, 10599395518059, vstest.console.dll, AssemblyMetadataProvider.GetFrameworkName: Determined framework:'.NETCoreApp,Version=v6.0' for source: 'D:\GenSpark\Presidio\Participants\Day7\RequestTrackerSolution\RequestTrackerTest\bin\Debug\net6.0\fine-code-coverage\build-output\RequestTrackerTest.dll'
TpTrace Information: 0 : 77684, 1, 2024/04/24, 09:49:28.901, 10599395519797, vstest.console.dll, Determined framework for all sources: .NETCoreApp,Version=v6.0
TpTrace Verbose: 0 : 77684, 1, 2024/04/24, 09:49:28.901, 10599395523014, vstest.console.dll, TestRequestManager.UpdateRunSettingsIfRequired: Default architecture: X64 IsDefaultTargetArchitecture: True, Current process architecture: X64 OperatingSystem: Windows.
TpTrace Information: 0 : 77684, 1, 2024/04/24, 09:49:28.903, 10599395539322, vstest.console.dll, AssemblyMetadataProvider.GetArchitecture: Determined architecture:AnyCPU info for assembly: D:\GenSpark\Presidio\Participants\Day7\RequestTrackerSolution\RequestTrackerTest\bin\Debug\net6.0\fine-code-coverage\build-output\RequestTrackerTest.dll
TpTrace Information: 0 : 77684, 1, 2024/04/24, 09:49:28.903, 10599395540123, vstest.console.dll, Determined platform for source 'D:\GenSpark\Presidio\Participants\Day7\RequestTrackerSolution\RequestTrackerTest\bin\Debug\net6.0\fine-code-coverage\build-output\RequestTrackerTest.dll' was AnyCPU and it will use the default plaform X64.
TpTrace Information: 0 : 77684, 1, 2024/04/24, 09:49:28.903, 10599395540325, vstest.console.dll, None of the sources provided any runnable platform, using the default platform: X64
TpTrace Information: 0 : 77684, 1, 2024/04/24, 09:49:28.903, 10599395541309, vstest.console.dll, Platform was updated to 'X64'.
TpTrace Information: 0 : 77684, 1, 2024/04/24, 09:49:28.906, 10599395570640, vstest.console.dll, InferRunSettingsHelper.IsTestSettingsEnabled: Unable to navigate to RunSettings/MSTest. Current node: RunSettings
TpTrace Information: 0 : 77684, 1, 2024/04/24, 09:49:28.907, 10599395576897, vstest.console.dll, AssemblyResolver.OnResolve: Microsoft.VisualStudio.TestPlatform.Fakes: Resolving assembly.
TpTrace Information: 0 : 77684, 1, 2024/04/24, 09:49:28.907, 10599395577529, vstest.console.dll, AssemblyResolver.OnResolve: Microsoft.VisualStudio.TestPlatform.Fakes: Searching in: 'C:\Program Files\dotnet\sdk\8.0.200\Extensions'.
TpTrace Information: 0 : 77684, 1, 2024/04/24, 09:49:28.907, 10599395578400, vstest.console.dll, AssemblyResolver.OnResolve: Microsoft.VisualStudio.TestPlatform.Fakes: Assembly path does not exist: 'C:\Program Files\dotnet\sdk\8.0.200\Extensions\Microsoft.VisualStudio.TestPlatform.Fakes.dll', returning.
TpTrace Information: 0 : 77684, 1, 2024/04/24, 09:49:28.907, 10599395578787, vstest.console.dll, AssemblyResolver.OnResolve: Microsoft.VisualStudio.TestPlatform.Fakes: Assembly path does not exist: 'C:\Program Files\dotnet\sdk\8.0.200\Extensions\Microsoft.VisualStudio.TestPlatform.Fakes.exe', returning.
TpTrace Information: 0 : 77684, 1, 2024/04/24, 09:49:28.907, 10599395579022, vstest.console.dll, AssemblyResolver.OnResolve: Microsoft.VisualStudio.TestPlatform.Fakes: Searching in: 'C:\Program Files\dotnet\sdk\8.0.200'.
TpTrace Information: 0 : 77684, 1, 2024/04/24, 09:49:28.907, 10599395579415, vstest.console.dll, AssemblyResolver.OnResolve: Microsoft.VisualStudio.TestPlatform.Fakes: Assembly path does not exist: 'C:\Program Files\dotnet\sdk\8.0.200\Microsoft.VisualStudio.TestPlatform.Fakes.dll', returning.
TpTrace Information: 0 : 77684, 1, 2024/04/24, 09:49:28.907, 10599395579757, vstest.console.dll, AssemblyResolver.OnResolve: Microsoft.VisualStudio.TestPlatform.Fakes: Assembly path does not exist: 'C:\Program Files\dotnet\sdk\8.0.200\Microsoft.VisualStudio.TestPlatform.Fakes.exe', returning.
TpTrace Information: 0 : 77684, 1, 2024/04/24, 09:49:28.907, 10599395579942, vstest.console.dll, AssemblyResolver.OnResolve: Microsoft.VisualStudio.TestPlatform.Fakes: Failed to load assembly.
TpTrace Information: 0 : 77684, 1, 2024/04/24, 09:49:28.907, 10599395582357, vstest.console.dll, Failed to load assembly Microsoft.VisualStudio.TestPlatform.Fakes, Version=17.0.0.0, Culture=neutral. Reason:System.IO.FileNotFoundException: Could not load file or assembly 'Microsoft.VisualStudio.TestPlatform.Fakes, Version=17.0.0.0, Culture=neutral, PublicKeyToken=null'. The system cannot find the file specified.
File name: 'Microsoft.VisualStudio.TestPlatform.Fakes, Version=17.0.0.0, Culture=neutral, PublicKeyToken=null'
   at System.Reflection.RuntimeAssembly.InternalLoad(AssemblyName assemblyName, StackCrawlMark& stackMark, AssemblyLoadContext assemblyLoadContext, RuntimeAssembly requestingAssembly, Boolean throwOnFileNotFound)
   at System.Reflection.Assembly.Load(AssemblyName assemblyRef)
   at Microsoft.VisualStudio.TestPlatform.Common.Utilities.FakesUtilities.LoadTestPlatformAssembly() in /_/src/Microsoft.TestPlatform.Common/Utilities/FakesUtilities.cs:line 272
TpTrace Verbose: 0 : 77684, 1, 2024/04/24, 09:49:28.910, 10599395608717, vstest.console.dll, TestPluginCache.DiscoverTestExtensions: finding test extensions in assemblies ends with: TestLogger.dll TPluginInfo: Microsoft.VisualStudio.TestPlatform.Common.ExtensionFramework.Utilities.TestLoggerPluginInformation TExtension: Microsoft.VisualStudio.TestPlatform.ObjectModel.Client.ITestLogger
TpTrace Verbose: 0 : 77684, 1, 2024/04/24, 09:49:28.910, 10599395609711, vstest.console.dll, TestPluginCache.GetExtensionPaths: Filtered extension paths: 
TpTrace Verbose: 0 : 77684, 1, 2024/04/24, 09:49:28.910, 10599395609942, vstest.console.dll, TestPluginCache.GetExtensionPaths: Added default extension paths: C:\Program Files\dotnet\sdk\8.0.200\Extensions\Microsoft.Diagnostics.NETCore.Client.dll
C:\Program Files\dotnet\sdk\8.0.200\Extensions\Microsoft.TestPlatform.Extensions.BlameDataCollector.dll
C:\Program Files\dotnet\sdk\8.0.200\Extensions\Microsoft.TestPlatform.Extensions.EventLogCollector.dll
C:\Program Files\dotnet\sdk\8.0.200\Extensions\Microsoft.TestPlatform.TestHostRuntimeProvider.dll
C:\Program Files\dotnet\sdk\8.0.200\Extensions\Microsoft.VisualStudio.TestPlatform.Extensions.Html.TestLogger.dll
C:\Program Files\dotnet\sdk\8.0.200\Extensions\Microsoft.VisualStudio.TestPlatform.Extensions.Trx.TestLogger.dll
TpTrace Verbose: 0 : 77684, 1, 2024/04/24, 09:49:28.910, 10599395610174, vstest.console.dll, TestPluginCache.GetExtensionPaths: Added unfilterableExtensionPaths: 
TpTrace Information: 0 : 77684, 1, 2024/04/24, 09:49:28.910, 10599395611290, vstest.console.dll, AssemblyResolver.AddSearchDirectories: Adding more searchDirectories C:\Program Files\dotnet\sdk\8.0.200\Extensions,C:\Program Files\dotnet\sdk\8.0.200
TpTrace Verbose: 0 : 77684, 1, 2024/04/24, 09:49:28.910, 10599395611631, vstest.console.dll, TestPluginCache.DiscoverTestExtensions: Discovering the extensions using extension path.
TpTrace Verbose: 0 : 77684, 1, 2024/04/24, 09:49:28.910, 10599395611901, vstest.console.dll, TestPluginCache.GetExtensionPaths: Filtered extension paths: 
TpTrace Verbose: 0 : 77684, 1, 2024/04/24, 09:49:28.910, 10599395612090, vstest.console.dll, TestPluginCache.GetExtensionPaths: Added default extension paths: C:\Program Files\dotnet\sdk\8.0.200\Extensions\Microsoft.Diagnostics.NETCore.Client.dll
C:\Program Files\dotnet\sdk\8.0.200\Extensions\Microsoft.TestPlatform.Extensions.BlameDataCollector.dll
C:\Program Files\dotnet\sdk\8.0.200\Extensions\Microsoft.TestPlatform.Extensions.EventLogCollector.dll
C:\Program Files\dotnet\sdk\8.0.200\Extensions\Microsoft.TestPlatform.TestHostRuntimeProvider.dll
C:\Program Files\dotnet\sdk\8.0.200\Extensions\Microsoft.VisualStudio.TestPlatform.Extensions.Html.TestLogger.dll
C:\Program Files\dotnet\sdk\8.0.200\Extensions\Microsoft.VisualStudio.TestPlatform.Extensions.Trx.TestLogger.dll
TpTrace Verbose: 0 : 77684, 1, 2024/04/24, 09:49:28.910, 10599395612284, vstest.console.dll, TestPluginCache.GetExtensionPaths: Added unfilterableExtensionPaths: 
TpTrace Verbose: 0 : 77684, 1, 2024/04/24, 09:49:28.910, 10599395612925, vstest.console.dll, TestPluginCache.DiscoverTestExtensions: Discovering the extensions using allExtensionPaths: C:\Program Files\dotnet\sdk\8.0.200\Extensions\Microsoft.Diagnostics.NETCore.Client.dll
C:\Program Files\dotnet\sdk\8.0.200\Extensions\Microsoft.TestPlatform.Extensions.BlameDataCollector.dll
C:\Program Files\dotnet\sdk\8.0.200\Extensions\Microsoft.TestPlatform.Extensions.EventLogCollector.dll
C:\Program Files\dotnet\sdk\8.0.200\Extensions\Microsoft.TestPlatform.TestHostRuntimeProvider.dll
C:\Program Files\dotnet\sdk\8.0.200\Extensions\Microsoft.VisualStudio.TestPlatform.Extensions.Html.TestLogger.dll
C:\Program Files\dotnet\sdk\8.0.200\Extensions\Microsoft.VisualStudio.TestPlatform.Extensions.Trx.TestLogger.dll
TpTrace Information: 0 : 77684, 1, 2024/04/24, 09:49:28.910, 10599395613360, vstest.console.dll, AssemblyResolver.AddSearchDirectories: Adding more searchDirectories C:\Program Files\dotnet\sdk\8.0.200\Extensions,C:\Program Files\dotnet\sdk\8.0.200
TpTrace Information: 0 : 77684, 1, 2024/04/24, 09:49:28.910, 10599395613579, vstest.console.dll, AssemblyResolver.AddSearchDirectories: Adding more searchDirectories C:\Program Files\dotnet\sdk\8.0.200\Extensions,C:\Program Files\dotnet\sdk\8.0.200
TpTrace Information: 0 : 77684, 1, 2024/04/24, 09:49:28.910, 10599395613772, vstest.console.dll, AssemblyResolver.AddSearchDirectories: Adding more searchDirectories C:\Program Files\dotnet\sdk\8.0.200\Extensions,C:\Program Files\dotnet\sdk\8.0.200
TpTrace Information: 0 : 77684, 1, 2024/04/24, 09:49:28.910, 10599395613960, vstest.console.dll, AssemblyResolver.AddSearchDirectories: Adding more searchDirectories C:\Program Files\dotnet\sdk\8.0.200\Extensions,C:\Program Files\dotnet\sdk\8.0.200
TpTrace Information: 0 : 77684, 1, 2024/04/24, 09:49:28.910, 10599395614183, vstest.console.dll, AssemblyResolver.AddSearchDirectories: Adding more searchDirectories C:\Program Files\dotnet\sdk\8.0.200\Extensions,C:\Program Files\dotnet\sdk\8.0.200
TpTrace Information: 0 : 77684, 1, 2024/04/24, 09:49:28.910, 10599395614368, vstest.console.dll, AssemblyResolver.AddSearchDirectories: Adding more searchDirectories C:\Program Files\dotnet\sdk\8.0.200\Extensions,C:\Program Files\dotnet\sdk\8.0.200
TpTrace Verbose: 0 : 77684, 1, 2024/04/24, 09:49:28.910, 10599395615287, vstest.console.dll, MetadataReaderExtensionsHelper: Discovering extensions inside assembly 'Microsoft.Diagnostics.NETCore.Client, Version=0.2.9.2401, Culture=neutral, PublicKeyToken=31bf3856ad364e35' file path 'C:\Program Files\dotnet\sdk\8.0.200\Extensions\Microsoft.Diagnostics.NETCore.Client.dll'
TpTrace Information: 0 : 77684, 1, 2024/04/24, 09:49:28.911, 10599395621825, vstest.console.dll, AssemblyResolver.OnResolve: Microsoft.Bcl.AsyncInterfaces: Resolving assembly.
TpTrace Information: 0 : 77684, 1, 2024/04/24, 09:49:28.911, 10599395622431, vstest.console.dll, AssemblyResolver.OnResolve: Microsoft.Bcl.AsyncInterfaces: Resolved from cache.
TpTrace Verbose: 0 : 77684, 1, 2024/04/24, 09:49:28.911, 10599395622641, vstest.console.dll, CurrentDomainAssemblyResolve: Resolving assembly 'Microsoft.Bcl.AsyncInterfaces'.
TpTrace Information: 0 : 77684, 1, 2024/04/24, 09:49:28.911, 10599395622965, vstest.console.dll, AssemblyResolver.OnResolve: Microsoft.Bcl.AsyncInterfaces: Resolving assembly.
TpTrace Information: 0 : 77684, 1, 2024/04/24, 09:49:28.911, 10599395623152, vstest.console.dll, AssemblyResolver.OnResolve: Microsoft.Bcl.AsyncInterfaces: Resolved from cache.
TpTrace Verbose: 0 : 77684, 1, 2024/04/24, 09:49:28.911, 10599395623322, vstest.console.dll, CurrentDomainAssemblyResolve: Resolving assembly 'Microsoft.Bcl.AsyncInterfaces'.
TpTrace Verbose: 0 : 77684, 1, 2024/04/24, 09:49:28.911, 10599395623507, vstest.console.dll, CurrentDomainAssemblyResolve: Failed to resolve assembly 'Microsoft.Bcl.AsyncInterfaces'.
TpTrace Verbose: 0 : 77684, 1, 2024/04/24, 09:49:28.911, 10599395624723, vstest.console.dll, CurrentDomainAssemblyResolve: Failed to resolve assembly 'Microsoft.Bcl.AsyncInterfaces'.
TpTrace Warning: 0 : 77684, 1, 2024/04/24, 09:49:28.912, 10599395627634, vstest.console.dll, TestPluginDiscoverer: Failed to get types from assembly 'Microsoft.Diagnostics.NETCore.Client, Version=0.2.9.2401, Culture=neutral, PublicKeyToken=31bf3856ad364e35'. Error: System.Reflection.ReflectionTypeLoadException: Unable to load one or more of the requested types.
Could not load file or assembly 'Microsoft.Bcl.AsyncInterfaces, Version=6.0.0.0, Culture=neutral, PublicKeyToken=cc7b13ffcd2ddd51'. The system cannot find the file specified.
   at System.Reflection.RuntimeModule.GetTypes(RuntimeModule module)
   at System.Reflection.RuntimeModule.GetTypes()
   at Microsoft.VisualStudio.TestPlatform.Common.ExtensionFramework.TestPluginDiscoverer.GetTestExtensionsFromAssembly[TPluginInfo,TExtension](Assembly assembly, Dictionary`2 pluginInfos, String filePath) in /_/src/Microsoft.TestPlatform.Common/ExtensionFramework/TestPluginDiscoverer.cs:line 158
System.IO.FileNotFoundException: Could not load file or assembly 'Microsoft.Bcl.AsyncInterfaces, Version=6.0.0.0, Culture=neutral, PublicKeyToken=cc7b13ffcd2ddd51'. The system cannot find the file specified.
File name: 'Microsoft.Bcl.AsyncInterfaces, Version=6.0.0.0, Culture=neutral, PublicKeyToken=cc7b13ffcd2ddd51'
 ---> System.IO.FileNotFoundException: Could not load file or assembly 'Microsoft.Bcl.AsyncInterfaces, Culture=neutral, PublicKeyToken=null'. The system cannot find the file specified.
File name: 'Microsoft.Bcl.AsyncInterfaces, Culture=neutral, PublicKeyToken=null'
   at System.Reflection.RuntimeAssembly.InternalLoad(AssemblyName assemblyName, StackCrawlMark& stackMark, AssemblyLoadContext assemblyLoadContext, RuntimeAssembly requestingAssembly, Boolean throwOnFileNotFound)
   at System.Reflection.Assembly.Load(AssemblyName assemblyRef)
   at Microsoft.VisualStudio.TestPlatform.Common.ExtensionFramework.TestPluginCache.CurrentDomainAssemblyResolve(Object sender, AssemblyResolveEventArgs args) in /_/src/Microsoft.TestPlatform.Common/ExtensionFramework/TestPluginCache.cs:line 513
   at System.Runtime.Loader.AssemblyLoadContext.GetFirstResolvedAssemblyFromResolvingEvent(AssemblyName assemblyName)
   at System.Runtime.Loader.AssemblyLoadContext.ResolveUsingEvent(AssemblyName assemblyName)
   at System.Runtime.Loader.AssemblyLoadContext.ResolveUsingResolvingEvent(IntPtr gchManagedAssemblyLoadContext, AssemblyName assemblyName)
TpTrace Warning: 0 : 77684, 1, 2024/04/24, 09:49:28.912, 10599395628895, vstest.console.dll, LoaderExceptions: System.IO.FileNotFoundException: Could not load file or assembly 'Microsoft.Bcl.AsyncInterfaces, Version=6.0.0.0, Culture=neutral, PublicKeyToken=cc7b13ffcd2ddd51'. The system cannot find the file specified.
File name: 'Microsoft.Bcl.AsyncInterfaces, Version=6.0.0.0, Culture=neutral, PublicKeyToken=cc7b13ffcd2ddd51'
 ---> System.IO.FileNotFoundException: Could not load file or assembly 'Microsoft.Bcl.AsyncInterfaces, Culture=neutral, PublicKeyToken=null'. The system cannot find the file specified.
File name: 'Microsoft.Bcl.AsyncInterfaces, Culture=neutral, PublicKeyToken=null'
   at System.Reflection.RuntimeAssembly.InternalLoad(AssemblyName assemblyName, StackCrawlMark& stackMark, AssemblyLoadContext assemblyLoadContext, RuntimeAssembly requestingAssembly, Boolean throwOnFileNotFound)
   at System.Reflection.Assembly.Load(AssemblyName assemblyRef)
   at Microsoft.VisualStudio.TestPlatform.Common.ExtensionFramework.TestPluginCache.CurrentDomainAssemblyResolve(Object sender, AssemblyResolveEventArgs args) in /_/src/Microsoft.TestPlatform.Common/ExtensionFramework/TestPluginCache.cs:line 513
   at System.Runtime.Loader.AssemblyLoadContext.GetFirstResolvedAssemblyFromResolvingEvent(AssemblyName assemblyName)
   at System.Runtime.Loader.AssemblyLoadContext.ResolveUsingEvent(AssemblyName assemblyName)
   at System.Runtime.Loader.AssemblyLoadContext.ResolveUsingResolvingEvent(IntPtr gchManagedAssemblyLoadContext, AssemblyName assemblyName)
TpTrace Verbose: 0 : 77684, 1, 2024/04/24, 09:49:28.912, 10599395629743, vstest.console.dll, MetadataReaderExtensionsHelper: Discovering extensions inside assembly 'Microsoft.TestPlatform.Extensions.BlameDataCollector, Version=15.0.0.0, Culture=neutral, PublicKeyToken=b03f5f7f11d50a3a' file path 'C:\Program Files\dotnet\sdk\8.0.200\Extensions\Microsoft.TestPlatform.Extensions.BlameDataCollector.dll'
TpTrace Information: 0 : 77684, 1, 2024/04/24, 09:49:28.912, 10599395633409, vstest.console.dll, GetTestExtensionFromType: Register extension with identifier data 'logger://Microsoft/TestPlatform/Extensions/Blame/v1' and type 'Microsoft.TestPlatform.Extensions.BlameDataCollector.BlameLogger, Microsoft.TestPlatform.Extensions.BlameDataCollector, Version=15.0.0.0, Culture=neutral, PublicKeyToken=b03f5f7f11d50a3a' inside file 'C:\Program Files\dotnet\sdk\8.0.200\Extensions\Microsoft.TestPlatform.Extensions.BlameDataCollector.dll'
TpTrace Verbose: 0 : 77684, 1, 2024/04/24, 09:49:28.912, 10599395634013, vstest.console.dll, MetadataReaderExtensionsHelper: Discovering extensions inside assembly 'Microsoft.TestPlatform.Extensions.EventLogCollector, Version=15.0.0.0, Culture=neutral, PublicKeyToken=b03f5f7f11d50a3a' file path 'C:\Program Files\dotnet\sdk\8.0.200\Extensions\Microsoft.TestPlatform.Extensions.EventLogCollector.dll'
TpTrace Verbose: 0 : 77684, 1, 2024/04/24, 09:49:28.913, 10599395636272, vstest.console.dll, MetadataReaderExtensionsHelper: Discovering extensions inside assembly 'Microsoft.TestPlatform.TestHostRuntimeProvider, Version=15.0.0.0, Culture=neutral, PublicKeyToken=b03f5f7f11d50a3a' file path 'C:\Program Files\dotnet\sdk\8.0.200\Extensions\Microsoft.TestPlatform.TestHostRuntimeProvider.dll'
TpTrace Verbose: 0 : 77684, 1, 2024/04/24, 09:49:28.913, 10599395638355, vstest.console.dll, MetadataReaderExtensionsHelper: Discovering extensions inside assembly 'Microsoft.VisualStudio.TestPlatform.Extensions.Html.TestLogger, Version=15.0.0.0, Culture=neutral, PublicKeyToken=b03f5f7f11d50a3a' file path 'C:\Program Files\dotnet\sdk\8.0.200\Extensions\Microsoft.VisualStudio.TestPlatform.Extensions.Html.TestLogger.dll'
TpTrace Information: 0 : 77684, 1, 2024/04/24, 09:49:28.913, 10599395642621, vstest.console.dll, GetTestExtensionFromType: Register extension with identifier data 'logger://Microsoft/TestPlatform/HtmlLogger/v1' and type 'Microsoft.VisualStudio.TestPlatform.Extensions.HtmlLogger.HtmlLogger, Microsoft.VisualStudio.TestPlatform.Extensions.Html.TestLogger, Version=15.0.0.0, Culture=neutral, PublicKeyToken=b03f5f7f11d50a3a' inside file 'C:\Program Files\dotnet\sdk\8.0.200\Extensions\Microsoft.VisualStudio.TestPlatform.Extensions.Html.TestLogger.dll'
TpTrace Verbose: 0 : 77684, 1, 2024/04/24, 09:49:28.913, 10599395644101, vstest.console.dll, MetadataReaderExtensionsHelper: Discovering extensions inside assembly 'Microsoft.VisualStudio.TestPlatform.Extensions.Trx.TestLogger, Version=15.0.0.0, Culture=neutral, PublicKeyToken=b03f5f7f11d50a3a' file path 'C:\Program Files\dotnet\sdk\8.0.200\Extensions\Microsoft.VisualStudio.TestPlatform.Extensions.Trx.TestLogger.dll'
TpTrace Information: 0 : 77684, 1, 2024/04/24, 09:49:28.914, 10599395646979, vstest.console.dll, GetTestExtensionFromType: Register extension with identifier data 'logger://Microsoft/TestPlatform/TrxLogger/v1' and type 'Microsoft.VisualStudio.TestPlatform.Extensions.TrxLogger.TrxLogger, Microsoft.VisualStudio.TestPlatform.Extensions.Trx.TestLogger, Version=15.0.0.0, Culture=neutral, PublicKeyToken=b03f5f7f11d50a3a' inside file 'C:\Program Files\dotnet\sdk\8.0.200\Extensions\Microsoft.VisualStudio.TestPlatform.Extensions.Trx.TestLogger.dll'
TpTrace Verbose: 0 : 77684, 1, 2024/04/24, 09:49:28.914, 10599395647550, vstest.console.dll, TestPluginCache: Discovered the extensions using extension path ''.
TpTrace Verbose: 0 : 77684, 1, 2024/04/24, 09:49:28.914, 10599395647754, vstest.console.dll, TestPluginCache: Discoverers are ''.
TpTrace Verbose: 0 : 77684, 1, 2024/04/24, 09:49:28.914, 10599395647919, vstest.console.dll, TestPluginCache: Executors are ''.
TpTrace Verbose: 0 : 77684, 1, 2024/04/24, 09:49:28.914, 10599395648081, vstest.console.dll, TestPluginCache: Executors2 are ''.
TpTrace Verbose: 0 : 77684, 1, 2024/04/24, 09:49:28.914, 10599395648267, vstest.console.dll, TestPluginCache: Setting providers are ''.
TpTrace Verbose: 0 : 77684, 1, 2024/04/24, 09:49:28.914, 10599395649040, vstest.console.dll, TestPluginCache: Loggers are 'logger://Microsoft/TestPlatform/Extensions/Blame/v1,logger://Microsoft/TestPlatform/HtmlLogger/v1,logger://Microsoft/TestPlatform/TrxLogger/v1'.
TpTrace Verbose: 0 : 77684, 1, 2024/04/24, 09:49:28.914, 10599395649354, vstest.console.dll, TestPluginCache: TestHosts are 'HostProvider://DefaultTestHost,HostProvider://DotnetTestHost'.
TpTrace Verbose: 0 : 77684, 1, 2024/04/24, 09:49:28.914, 10599395649537, vstest.console.dll, TestPluginCache: DataCollectors are ''.
TpTrace Information: 0 : 77684, 1, 2024/04/24, 09:49:28.915, 10599395658823, vstest.console.dll, TestPluginManager.CreateTestExtension: Attempting to load test extension: Microsoft.TestPlatform.Extensions.BlameDataCollector.BlameLogger
TpTrace Verbose: 0 : 77684, 1, 2024/04/24, 09:49:28.923, 10599395736498, vstest.console.dll, TestEngine: Initializing Parallel Execution as MaxCpuCount is set to: 1
TpTrace Information: 0 : 77684, 1, 2024/04/24, 09:49:28.924, 10599395750475, vstest.console.dll, TestPluginManager.CreateTestExtension: Attempting to load test extension: Microsoft.VisualStudio.TestPlatform.CrossPlatEngine.Hosting.DefaultTestHostManager
TpTrace Information: 0 : 77684, 1, 2024/04/24, 09:49:28.925, 10599395757634, vstest.console.dll, TestPluginManager.CreateTestExtension: Attempting to load test extension: Microsoft.VisualStudio.TestPlatform.CrossPlatEngine.Hosting.DotnetTestHostManager
TpTrace Information: 0 : 77684, 1, 2024/04/24, 09:49:28.925, 10599395764644, vstest.console.dll, InferRunSettingsHelper.IsTestSettingsEnabled: Unable to navigate to RunSettings/MSTest. Current node: RunSettings
TpTrace Verbose: 0 : 77684, 1, 2024/04/24, 09:49:28.926, 10599395769873, vstest.console.dll, ParallelOperationManager.ClearSlots: Clearing all slots. Slots should accept more work: True
TpTrace Verbose: 0 : 77684, 1, 2024/04/24, 09:49:28.927, 10599395776091, vstest.console.dll, ParallelOperationManager.SetOccupiedSlotCount: Setting slot counts AvailableSlotCount = 3, OccupiedSlotCount = 0.
TpTrace Verbose: 0 : 77684, 1, 2024/04/24, 09:49:28.927, 10599395778899, vstest.console.dll, Occupied slots:

TpTrace Verbose: 0 : 77684, 1, 2024/04/24, 09:49:28.930, 10599395808192, vstest.console.dll, TestEngine.GetExecutionManager: Chosen execution manager 'Microsoft.VisualStudio.TestPlatform.CrossPlatEngine.Client.Parallel.ParallelProxyExecutionManager, Microsoft.TestPlatform.CrossPlatEngine, Version=15.0.0.0, Culture=neutral, PublicKeyToken=b03f5f7f11d50a3a' ParallelLevel '1'.
TpTrace Verbose: 0 : 77684, 1, 2024/04/24, 09:49:28.930, 10599395809714, vstest.console.dll, TestRunRequest.ExecuteAsync: Creating test run request.
TpTrace Verbose: 0 : 77684, 1, 2024/04/24, 09:49:28.930, 10599395811832, vstest.console.dll, TestRunRequest.ExecuteAsync: Starting.
TpTrace Information: 0 : 77684, 1, 2024/04/24, 09:49:28.931, 10599395824682, vstest.console.dll, TestRunRequest.ExecuteAsync: Starting run with settings:TestRunCriteria:
   KeepAlive=False,FrequencyOfRunStatsChangeEvent=10,RunStatsChangeEventTimeout=00:00:01.5000000,TestCaseFilter=,TestExecutorLauncher=
   Settingsxml=<RunSettings>
  <RunConfiguration>
    <ResultsDirectory>D:\GenSpark\Presidio\Participants\Day7\RequestTrackerSolution\RequestTrackerTest\bin\Debug\net6.0\fine-code-coverage\coverage-tool-output</ResultsDirectory>
    <TargetPlatform>X64</TargetPlatform>
    <TargetFrameworkVersion>.NETCoreApp,Version=v6.0</TargetFrameworkVersion>
    <DesignMode>False</DesignMode>
    <CollectSourceInformation>False</CollectSourceInformation>
  </RunConfiguration>
  <LoggerRunSettings>
    <Loggers>
      <Logger friendlyName="blame" enabled="True" />
      <Logger friendlyName="Console" uri="logger://microsoft/TestPlatform/ConsoleLogger/v1" assemblyQualifiedName="Microsoft.VisualStudio.TestPlatform.CommandLine.Internal.ConsoleLogger, vstest.console, Version=15.0.0.0, Culture=neutral, PublicKeyToken=b03f5f7f11d50a3a" codeBase="C:\Program Files\dotnet\sdk\8.0.200\vstest.console.dll" enabled="True" />
    </Loggers>
  </LoggerRunSettings>
  <DataCollectionRunSettings>
    <DataCollectors>
      <DataCollector friendlyName="blame" enabled="True">
        <Configuration>
          <ResultsDirectory>D:\GenSpark\Presidio\Participants\Day7\RequestTrackerSolution\RequestTrackerTest\bin\Debug\net6.0\fine-code-coverage\coverage-tool-output</ResultsDirectory>
        </Configuration>
      </DataCollector>
    </DataCollectors>
  </DataCollectionRunSettings>
</RunSettings>

TpTrace Verbose: 0 : 77684, 1, 2024/04/24, 09:49:28.931, 10599395825425, vstest.console.dll, TestRunRequest.ExecuteAsync: Wait for the first run request is over.
TpTrace Verbose: 0 : 77684, 1, 2024/04/24, 09:49:28.932, 10599395828384, vstest.console.dll, MulticastDelegateUtilities.SafeInvoke: TestRun.TestRunStart: Invoking callbacks was skipped because there are no subscribers.
TpTrace Verbose: 0 : 77684, 4, 2024/04/24, 09:49:28.932, 10599395831149, vstest.console.dll, MulticastDelegateUtilities.SafeInvoke: InternalTestLoggerEvents.SendTestRunStart: Invoking callback 1/1 for Microsoft.VisualStudio.TestPlatform.CommandLine.Internal.ConsoleLogger., took 0 ms.
TpTrace Verbose: 0 : 77684, 1, 2024/04/24, 09:49:28.933, 10599395837291, vstest.console.dll, ParallelProxyExecutionManager: Start execution. Total sources: 1
TpTrace Verbose: 0 : 77684, 1, 2024/04/24, 09:49:28.933, 10599395840093, vstest.console.dll, ParallelOperationManager.StartWork: Starting adding 1 workloads.
TpTrace Verbose: 0 : 77684, 1, 2024/04/24, 09:49:28.933, 10599395840589, vstest.console.dll, ParallelOperationManager.ClearSlots: Clearing all slots. Slots should accept more work: True
TpTrace Verbose: 0 : 77684, 1, 2024/04/24, 09:49:28.933, 10599395841104, vstest.console.dll, ParallelOperationManager.SetOccupiedSlotCount: Setting slot counts AvailableSlotCount = 3, OccupiedSlotCount = 0.
TpTrace Verbose: 0 : 77684, 1, 2024/04/24, 09:49:28.933, 10599395841365, vstest.console.dll, Occupied slots:

TpTrace Verbose: 0 : 77684, 1, 2024/04/24, 09:49:28.934, 10599395853651, vstest.console.dll, TestRequestSender is acting as server.
TpTrace Verbose: 0 : 77684, 1, 2024/04/24, 09:49:28.935, 10599395863499, vstest.console.dll, ParallelOperationManager.RunWorkInParallel: Adding 1 workload to slot, remaining workloads 0.
TpTrace Verbose: 0 : 77684, 1, 2024/04/24, 09:49:28.935, 10599395864128, vstest.console.dll, ParallelOperationManager.SetOccupiedSlotCount: Setting slot counts AvailableSlotCount = 2, OccupiedSlotCount = 1.
TpTrace Verbose: 0 : 77684, 1, 2024/04/24, 09:49:28.935, 10599395865060, vstest.console.dll, Occupied slots:
0: D:\GenSpark\Presidio\Participants\Day7\RequestTrackerSolution\RequestTrackerTest\bin\Debug\net6.0\fine-code-coverage\build-output\RequestTrackerTest.dll
TpTrace Verbose: 0 : 77684, 1, 2024/04/24, 09:49:28.936, 10599395875105, vstest.console.dll, ParallelOperationManager.RunWorkInParallel: Started host in slot number 0 for work (source): D:\GenSpark\Presidio\Participants\Day7\RequestTrackerSolution\RequestTrackerTest\bin\Debug\net6.0\fine-code-coverage\build-output\RequestTrackerTest.dll.
TpTrace Verbose: 0 : 77684, 1, 2024/04/24, 09:49:28.937, 10599395884645, vstest.console.dll, ParallelOperationManager.RunWorkInParallel: We started 1 work items, which is the max parallel level. Won't start more work.
TpTrace Verbose: 0 : 77684, 1, 2024/04/24, 09:49:28.937, 10599395885478, vstest.console.dll, ParallelOperationManager.RunWorkInParallel: We started 1 work items in here, returning True.
TpTrace Information: 0 : 77684, 1, 2024/04/24, 09:49:28.938, 10599395885915, vstest.console.dll, TestRunRequest.ExecuteAsync: Started.
TpTrace Verbose: 0 : 77684, 5, 2024/04/24, 09:49:28.938, 10599395887373, vstest.console.dll, ParallelProxyExecutionManager.StartTestRunOnConcurrentManager: Initializing uninitialized client. Started clients: 0
TpTrace Verbose: 0 : 77684, 5, 2024/04/24, 09:49:28.938, 10599395888945, vstest.console.dll, DataCollectionRequestSender.InitializeCommunication : Initialize communication. 
TpTrace Verbose: 0 : 77684, 1, 2024/04/24, 09:49:28.938, 10599395893788, vstest.console.dll, TestRunRequest.WaitForCompletion: Waiting with timeout -1.
TpTrace Information: 0 : 77684, 5, 2024/04/24, 09:49:28.944, 10599395951428, vstest.console.dll, Listening on Endpoint : 127.0.0.1:59334
TpTrace Verbose: 0 : 77684, 5, 2024/04/24, 09:49:28.950, 10599396008410, vstest.console.dll, DotnetDataCollectionLauncher: Adding  --runtimeconfig "C:\Program Files\dotnet\sdk\8.0.200\datacollector.runtimeconfig.json" in args
TpTrace Verbose: 0 : 77684, 5, 2024/04/24, 09:49:28.950, 10599396009802, vstest.console.dll, DotnetDataCollectionLauncher: Adding  --depsfile "C:\Program Files\dotnet\sdk\8.0.200\datacollector.deps.json" in args
TpTrace Verbose: 0 : 77684, 5, 2024/04/24, 09:49:28.950, 10599396011266, vstest.console.dll, DotnetDataCollectionLauncher: Full path of dotnet.exe is C:\Program Files\dotnet\dotnet.exe
TpTrace Information: 0 : 77684, 5, 2024/04/24, 09:49:28.979, 10599396296693, vstest.console.dll, ProxyDataCollectionManager.Initialize: Launched datacollector processId: 77940 port: 59334
TpTrace Information: 0 : 77684, 5, 2024/04/24, 09:49:28.979, 10599396299169, vstest.console.dll, ProxyDataCollectionManager.Initialize: waiting for connection with timeout: 90 seconds
TpTrace Verbose: 0 : 77684, 5, 2024/04/24, 09:49:28.979, 10599396299978, vstest.console.dll, DataCollectionRequestSender.WaitForRequestHandlerConnection : Waiting for connection with timeout: 90000
TpTrace Information: 0 : 77684, 7, 2024/04/24, 09:49:29.127, 10599397783075, vstest.console.dll, Using the buffer size of 16384 bytes
TpTrace Information: 0 : 77684, 7, 2024/04/24, 09:49:29.127, 10599397784214, vstest.console.dll, Accepted Client request and set the flag
TpTrace Verbose: 0 : 77684, 5, 2024/04/24, 09:49:29.127, 10599397783155, vstest.console.dll, SocketCommunicationManager.WaitForClientConnection took: 148 ms, with 90000 ms timeout, and finished with True.
TpTrace Verbose: 0 : 77684, 5, 2024/04/24, 09:49:29.128, 10599397785809, vstest.console.dll, ProxyDataCollectionManager.InvokeDataCollectionServiceAction: Starting.
TpTrace Information: 0 : 77684, 5, 2024/04/24, 09:49:29.128, 10599397786460, vstest.console.dll, ProxyDataCollectionManager.BeforeTestRunStart: Get environment variable and port for datacollector processId: 77940 port: 59334
TpTrace Verbose: 0 : 77684, 5, 2024/04/24, 09:49:29.128, 10599397787275, vstest.console.dll, DataCollectionRequestSender.SendBeforeTestRunStartAndGetResult: Send BeforeTestRunStart message with settingsXml <RunSettings><RunConfiguration><ResultsDirectory>D:\GenSpark\Presidio\Participants\Day7\RequestTrackerSolution\RequestTrackerTest\bin\Debug\net6.0\fine-code-coverage\coverage-tool-output</ResultsDirectory><TargetPlatform>X64</TargetPlatform><TargetFrameworkVersion>.NETCoreApp,Version=v6.0</TargetFrameworkVersion><DesignMode>False</DesignMode><CollectSourceInformation>False</CollectSourceInformation><TestAdaptersPaths>C:\Program Files\dotnet\sdk\8.0.200\Extensions</TestAdaptersPaths></RunConfiguration><LoggerRunSettings><Loggers><Logger friendlyName="blame" enabled="True" /><Logger friendlyName="Console" uri="logger://microsoft/TestPlatform/ConsoleLogger/v1" assemblyQualifiedName="Microsoft.VisualStudio.TestPlatform.CommandLine.Internal.ConsoleLogger, vstest.console, Version=15.0.0.0, Culture=neutral, PublicKeyToken=b03f5f7f11d50a3a" codeBase="C:\Program Files\dotnet\sdk\8.0.200\vstest.console.dll" enabled="True" /></Loggers></LoggerRunSettings><DataCollectionRunSettings><DataCollectors><DataCollector friendlyName="blame" enabled="True"><Configuration><ResultsDirectory>D:\GenSpark\Presidio\Participants\Day7\RequestTrackerSolution\RequestTrackerTest\bin\Debug\net6.0\fine-code-coverage\coverage-tool-output</ResultsDirectory></Configuration></DataCollector></DataCollectors></DataCollectionRunSettings></RunSettings> and sources System.Collections.Generic.List`1[System.String]: 
TpTrace Verbose: 0 : 77684, 5, 2024/04/24, 09:49:29.187, 10599398379346, vstest.console.dll, DataCollectionRequestSender.SendBeforeTestRunStartAndGetResult: Received message: (DataCollection.SendMessage) -> {"MessageType":"DataCollection.SendMessage","Payload":{"FriendlyName":null,"Uri":null,"TestCaseId":"00000000-0000-0000-0000-000000000000","Message":"Logging DataCollector Diagnostics in file: D:\\GenSpark\\Presidio\\Participants\\Day7\\RequestTrackerSolution\\RequestTrackerTest\\bin\\Debug\\net6.0\\fine-code-coverage\\coverage-tool-output\\diagnostics.datacollector.24-04-24_09-49-28_95000_5.log","Level":0}}
TpTrace Verbose: 0 : 77684, 5, 2024/04/24, 09:49:29.269, 10599399195796, vstest.console.dll, DataCollectionRequestSender.SendBeforeTestRunStartAndGetResult: Received message: (DataCollection.BeforeTestRunStartResult) -> {"MessageType":"DataCollection.BeforeTestRunStartResult","Payload":{"EnvironmentVariables":{},"DataCollectionEventsPort":59336}}
TpTrace Information: 0 : 77684, 5, 2024/04/24, 09:49:29.272, 10599399234584, vstest.console.dll, ProxyDataCollectionManager.BeforeTestRunStart: SendBeforeTestRunStartAndGetResult successful, env variable from datacollector:   and testhost port: 59336
TpTrace Information: 0 : 77684, 5, 2024/04/24, 09:49:29.272, 10599399235613, vstest.console.dll, ProxyDataCollectionManager.InvokeDataCollectionServiceAction: Completed.
TpTrace Verbose: 0 : 77684, 5, 2024/04/24, 09:49:29.273, 10599399235925, vstest.console.dll, ParallelProxyExecutionManager.StartTestRunOnConcurrentManager: Initializing test run. Started clients: 0
TpTrace Verbose: 0 : 77684, 5, 2024/04/24, 09:49:29.273, 10599399236655, vstest.console.dll, ProxyExecutionManager: Test host is always Lazy initialize.
TpTrace Verbose: 0 : 77684, 5, 2024/04/24, 09:49:29.273, 10599399238369, vstest.console.dll, TestRequestSender.InitializeCommunication: initialize communication. 
TpTrace Information: 0 : 77684, 5, 2024/04/24, 09:49:29.273, 10599399243434, vstest.console.dll, SocketServer.Start: Listening on endpoint : 127.0.0.1:59337
TpTrace Verbose: 0 : 77684, 5, 2024/04/24, 09:49:29.274, 10599399250716, vstest.console.dll, DotnetTestHostmanager.GetTestHostProcessStartInfo: Platform environment 'X64' target architecture 'X64' framework '.NETCoreApp,Version=v6.0' OS 'Windows'
TpTrace Verbose: 0 : 77684, 5, 2024/04/24, 09:49:29.274, 10599399252126, vstest.console.dll, DotnetTestHostmanager: Adding  --runtimeconfig "D:\GenSpark\Presidio\Participants\Day7\RequestTrackerSolution\RequestTrackerTest\bin\Debug\net6.0\fine-code-coverage\build-output\RequestTrackerTest.runtimeconfig.json" in args
TpTrace Verbose: 0 : 77684, 5, 2024/04/24, 09:49:29.274, 10599399252536, vstest.console.dll, DotnetTestHostmanager: Adding  --depsfile "D:\GenSpark\Presidio\Participants\Day7\RequestTrackerSolution\RequestTrackerTest\bin\Debug\net6.0\fine-code-coverage\build-output\RequestTrackerTest.deps.json" in args
TpTrace Verbose: 0 : 77684, 5, 2024/04/24, 09:49:29.274, 10599399254903, vstest.console.dll, DotnetTestHostmanager.IsWinOnArm: Current PROCESSOR_ARCHITECTURE from environment variable 'AMD64'
TpTrace Verbose: 0 : 77684, 5, 2024/04/24, 09:49:29.274, 10599399255377, vstest.console.dll, DotnetTestHostmanager.IsWinOnArm: Is Windows on ARM 'False'
TpTrace Verbose: 0 : 77684, 5, 2024/04/24, 09:49:29.275, 10599399255872, vstest.console.dll, DotnetTestHostManager: testhost.exe found at path: D:\GenSpark\Presidio\Participants\Day7\RequestTrackerSolution\RequestTrackerTest\bin\Debug\net6.0\fine-code-coverage\build-output\testhost.exe
TpTrace Verbose: 0 : 77684, 5, 2024/04/24, 09:49:29.275, 10599399256134, vstest.console.dll, DotnetTestHostmanager: Full path of host exe is D:\GenSpark\Presidio\Participants\Day7\RequestTrackerSolution\RequestTrackerTest\bin\Debug\net6.0\fine-code-coverage\build-output\testhost.exe
TpTrace Verbose: 0 : 77684, 5, 2024/04/24, 09:49:29.275, 10599399257167, vstest.console.dll, DotnetTestHostmanager.LaunchTestHostAsync: Found 'VSTEST_WINAPPHOST_DOTNET_ROOT' in env variables, value 'C:\Program Files\dotnet', forwarding to 'DOTNET_ROOT'
TpTrace Verbose: 0 : 77684, 5, 2024/04/24, 09:49:29.275, 10599399258283, vstest.console.dll, DotnetTestHostManager: Starting process 'D:\GenSpark\Presidio\Participants\Day7\RequestTrackerSolution\RequestTrackerTest\bin\Debug\net6.0\fine-code-coverage\build-output\testhost.exe' with command line ' --runtimeconfig "D:\GenSpark\Presidio\Participants\Day7\RequestTrackerSolution\RequestTrackerTest\bin\Debug\net6.0\fine-code-coverage\build-output\RequestTrackerTest.runtimeconfig.json" --depsfile "D:\GenSpark\Presidio\Participants\Day7\RequestTrackerSolution\RequestTrackerTest\bin\Debug\net6.0\fine-code-coverage\build-output\RequestTrackerTest.deps.json" --port 59337 --endpoint 127.0.0.1:059337 --role client --parentprocessid 77684 --diag "D:\GenSpark\Presidio\Participants\Day7\RequestTrackerSolution\RequestTrackerTest\bin\Debug\net6.0\fine-code-coverage\coverage-tool-output\diagnostics.host.24-04-24_09-49-29_27418_5.log" --tracelevel 4 --datacollectionport 59336 --telemetryoptedin false'
TpTrace Verbose: 0 : 77684, 5, 2024/04/24, 09:49:29.336, 10599399875372, vstest.console.dll, MulticastDelegateUtilities.SafeInvoke: HostProviderEvents.OnHostLaunched: Invoking callback 1/2 for Microsoft.VisualStudio.TestPlatform.CrossPlatEngine.Client.ProxyExecutionManagerWithDataCollection., took 1 ms.
TpTrace Verbose: 0 : 77684, 5, 2024/04/24, 09:49:29.337, 10599399878700, vstest.console.dll, Test Runtime launched
TpTrace Verbose: 0 : 77684, 5, 2024/04/24, 09:49:29.337, 10599399879452, vstest.console.dll, MulticastDelegateUtilities.SafeInvoke: HostProviderEvents.OnHostLaunched: Invoking callback 2/2 for Microsoft.VisualStudio.TestPlatform.CrossPlatEngine.Client.ProxyOperationManager., took 0 ms.
TpTrace Verbose: 0 : 77684, 5, 2024/04/24, 09:49:29.337, 10599399882581, vstest.console.dll, TestRequestSender.WaitForRequestHandlerConnection: waiting for connection with timeout: 90000.
TpTrace Verbose: 0 : 77684, 5, 2024/04/24, 09:49:29.830, 10599404809588, vstest.console.dll, TestRequestSender.WaitForRequestHandlerConnection: waiting took 492 ms, with timeout 90000 ms, and result 0, which is success.
TpTrace Verbose: 0 : 77684, 7, 2024/04/24, 09:49:29.830, 10599404809588, vstest.console.dll, MulticastDelegateUtilities.SafeInvoke: SocketServer: ClientConnected: Invoking callback 1/1 for Microsoft.VisualStudio.TestPlatform.CommunicationUtilities.TestRequestSender., took 0 ms.
TpTrace Verbose: 0 : 77684, 7, 2024/04/24, 09:49:29.830, 10599404812162, vstest.console.dll, SocketServer.OnClientConnected: Client connected for endPoint: 127.0.0.1:59337, starting MessageLoopAsync:
TpTrace Verbose: 0 : 77684, 13, 2024/04/24, 09:49:29.831, 10599404816969, vstest.console.dll, TcpClientExtensions.MessageLoopAsync: Polling on remoteEndPoint: 127.0.0.1:59338 localEndPoint: 127.0.0.1:59337 after 0 ms
TpTrace Verbose: 0 : 77684, 5, 2024/04/24, 09:49:29.831, 10599404821028, vstest.console.dll, TestRequestSender.CheckVersionWithTestHost: Sending check version message: {"MessageType":"ProtocolVersion","Payload":7}
TpTrace Verbose: 0 : 77684, 13, 2024/04/24, 09:49:29.985, 10599406356944, vstest.console.dll, TcpClientExtensions.MessageLoopAsync: NotifyDataAvailable remoteEndPoint: 127.0.0.1:59338 localEndPoint: 127.0.0.1:59337
TpTrace Verbose: 0 : 77684, 13, 2024/04/24, 09:49:29.985, 10599406360818, vstest.console.dll, TestRequestSender.CheckVersionWithTestHost: onMessageReceived received message: (ProtocolVersion) -> {"MessageType":"ProtocolVersion","Payload":7}
TpTrace Verbose: 0 : 77684, 13, 2024/04/24, 09:49:29.986, 10599406367733, vstest.console.dll, MulticastDelegateUtilities.SafeInvoke: LengthPrefixCommunicationChannel: MessageReceived: Invoking callback 1/1 for Microsoft.VisualStudio.TestPlatform.CommunicationUtilities.TestRequestSender+<>c__DisplayClass29_0., took 0 ms.
TpTrace Verbose: 0 : 77684, 13, 2024/04/24, 09:49:29.986, 10599406368704, vstest.console.dll, TcpClientExtensions.MessageLoopAsync: Polling on remoteEndPoint: 127.0.0.1:59338 localEndPoint: 127.0.0.1:59337 after 155 ms
TpTrace Verbose: 0 : 77684, 5, 2024/04/24, 09:49:29.986, 10599406369458, vstest.console.dll, TestPluginCache.GetExtensionPaths: Filtered extension paths: 
TpTrace Verbose: 0 : 77684, 5, 2024/04/24, 09:49:29.986, 10599406370167, vstest.console.dll, TestPluginCache.GetExtensionPaths: Added default extension paths: C:\Program Files\dotnet\sdk\8.0.200\Extensions\Microsoft.Diagnostics.NETCore.Client.dll
C:\Program Files\dotnet\sdk\8.0.200\Extensions\Microsoft.TestPlatform.Extensions.BlameDataCollector.dll
C:\Program Files\dotnet\sdk\8.0.200\Extensions\Microsoft.TestPlatform.Extensions.EventLogCollector.dll
C:\Program Files\dotnet\sdk\8.0.200\Extensions\Microsoft.TestPlatform.TestHostRuntimeProvider.dll
C:\Program Files\dotnet\sdk\8.0.200\Extensions\Microsoft.VisualStudio.TestPlatform.Extensions.Html.TestLogger.dll
C:\Program Files\dotnet\sdk\8.0.200\Extensions\Microsoft.VisualStudio.TestPlatform.Extensions.Trx.TestLogger.dll
TpTrace Verbose: 0 : 77684, 5, 2024/04/24, 09:49:29.986, 10599406370446, vstest.console.dll, TestPluginCache.GetExtensionPaths: Added unfilterableExtensionPaths: 
TpTrace Verbose: 0 : 77684, 5, 2024/04/24, 09:49:29.989, 10599406404160, vstest.console.dll, TestRequestSender.InitializeExecution: Sending initialize execution with message: {"Version":7,"MessageType":"TestExecution.Initialize","Payload":["D:\\GenSpark\\Presidio\\Participants\\Day7\\RequestTrackerSolution\\RequestTrackerTest\\bin\\Debug\\net6.0\\fine-code-coverage\\build-output\\NUnit3.TestAdapter.dll"]}
TpTrace Verbose: 0 : 77684, 5, 2024/04/24, 09:49:29.990, 10599406407222, vstest.console.dll, ParallelProxyExecutionManager.StartTestRunOnConcurrentManager: Execution starting. Started clients: 1
TpTrace Verbose: 0 : 77684, 5, 2024/04/24, 09:49:29.990, 10599406410471, vstest.console.dll, TestRunRequest:SendTestRunMessage: Starting.
TpTrace Verbose: 0 : 77684, 5, 2024/04/24, 09:49:29.990, 10599406412520, vstest.console.dll, MulticastDelegateUtilities.SafeInvoke: TestRun.LogMessages: Invoking callback 1/1 for Microsoft.VisualStudio.TestPlatform.CommandLine.TestRunResultAggregator., took 0 ms.
TpTrace Information: 0 : 77684, 5, 2024/04/24, 09:49:29.990, 10599406413259, vstest.console.dll, TestRunRequest:SendTestRunMessage: Completed.
TpTrace Verbose: 0 : 77684, 13, 2024/04/24, 09:49:29.990, 10599406414548, vstest.console.dll, TcpClientExtensions.MessageLoopAsync: NotifyDataAvailable remoteEndPoint: 127.0.0.1:59338 localEndPoint: 127.0.0.1:59337
TpTrace Verbose: 0 : 77684, 4, 2024/04/24, 09:49:29.990, 10599406414723, vstest.console.dll, MulticastDelegateUtilities.SafeInvoke: InternalTestLoggerEvents.SendTestRunMessage: Invoking callback 1/1 for Microsoft.VisualStudio.TestPlatform.CommandLine.Internal.ConsoleLogger., took 0 ms.
TpTrace Warning: 0 : 77684, 5, 2024/04/24, 09:49:29.991, 10599406418996, vstest.console.dll, InferRunSettingsHelper.MakeRunsettingsCompatible: Removing the following settings: TargetPlatform from RunSettings file. To use those settings please move to latest version of Microsoft.NET.Test.Sdk
TpTrace Verbose: 0 : 77684, 13, 2024/04/24, 09:49:29.992, 10599406428137, vstest.console.dll, TestRequestSender.OnExecutionMessageReceived: Received message: {"Version":7,"MessageType":"TestSession.Message","Payload":{"MessageLevel":0,"Message":"Logging TestHost Diagnostics in file: D:\\GenSpark\\Presidio\\Participants\\Day7\\RequestTrackerSolution\\RequestTrackerTest\\bin\\Debug\\net6.0\\fine-code-coverage\\coverage-tool-output\\diagnostics.host.24-04-24_09-49-29_27418_5.log"}}
TpTrace Verbose: 0 : 77684, 13, 2024/04/24, 09:49:29.995, 10599406456413, vstest.console.dll, TestRunRequest:SendTestRunMessage: Starting.
TpTrace Verbose: 0 : 77684, 13, 2024/04/24, 09:49:29.995, 10599406458215, vstest.console.dll, MulticastDelegateUtilities.SafeInvoke: TestRun.LogMessages: Invoking callback 1/1 for Microsoft.VisualStudio.TestPlatform.CommandLine.TestRunResultAggregator., took 0 ms.
TpTrace Information: 0 : 77684, 13, 2024/04/24, 09:49:29.995, 10599406458541, vstest.console.dll, TestRunRequest:SendTestRunMessage: Completed.
TpTrace Verbose: 0 : 77684, 4, 2024/04/24, 09:49:29.995, 10599406458587, vstest.console.dll, MulticastDelegateUtilities.SafeInvoke: InternalTestLoggerEvents.SendTestRunMessage: Invoking callback 1/1 for Microsoft.VisualStudio.TestPlatform.CommandLine.Internal.ConsoleLogger., took 0 ms.
TpTrace Verbose: 0 : 77684, 13, 2024/04/24, 09:49:29.995, 10599406459849, vstest.console.dll, MulticastDelegateUtilities.SafeInvoke: LengthPrefixCommunicationChannel: MessageReceived: Invoking callback 1/1 for Microsoft.VisualStudio.TestPlatform.CommunicationUtilities.TestRequestSender+<>c__DisplayClass34_0., took 3 ms.
TpTrace Verbose: 0 : 77684, 13, 2024/04/24, 09:49:29.995, 10599406460284, vstest.console.dll, TcpClientExtensions.MessageLoopAsync: Polling on remoteEndPoint: 127.0.0.1:59338 localEndPoint: 127.0.0.1:59337 after 9 ms
TpTrace Verbose: 0 : 77684, 5, 2024/04/24, 09:49:30.016, 10599406671058, vstest.console.dll, TestRequestSender.StartTestRun: Sending test run with message: {"Version":7,"MessageType":"TestExecution.StartWithSources","Payload":{"AdapterSourceMap":{"_none_":["D:\\GenSpark\\Presidio\\Participants\\Day7\\RequestTrackerSolution\\RequestTrackerTest\\bin\\Debug\\net6.0\\fine-code-coverage\\build-output\\RequestTrackerTest.dll"]},"RunSettings":"<RunSettings>\r\n  <RunConfiguration>\r\n    <ResultsDirectory>D:\\GenSpark\\Presidio\\Participants\\Day7\\RequestTrackerSolution\\RequestTrackerTest\\bin\\Debug\\net6.0\\fine-code-coverage\\coverage-tool-output</ResultsDirectory>\r\n    <TargetFrameworkVersion>.NETCoreApp,Version=v6.0</TargetFrameworkVersion>\r\n    <DesignMode>False</DesignMode>\r\n    <CollectSourceInformation>False</CollectSourceInformation>\r\n  </RunConfiguration>\r\n  <LoggerRunSettings>\r\n    <Loggers>\r\n      <Logger friendlyName=\"blame\" enabled=\"True\" />\r\n      <Logger friendlyName=\"Console\" uri=\"logger://microsoft/TestPlatform/ConsoleLogger/v1\" assemblyQualifiedName=\"Microsoft.VisualStudio.TestPlatform.CommandLine.Internal.ConsoleLogger, vstest.console, Version=15.0.0.0, Culture=neutral, PublicKeyToken=b03f5f7f11d50a3a\" codeBase=\"C:\\Program Files\\dotnet\\sdk\\8.0.200\\vstest.console.dll\" enabled=\"True\" />\r\n    </Loggers>\r\n  </LoggerRunSettings>\r\n  <DataCollectionRunSettings>\r\n    <DataCollectors>\r\n      <DataCollector friendlyName=\"blame\" enabled=\"True\">\r\n        <Configuration>\r\n          <ResultsDirectory>D:\\GenSpark\\Presidio\\Participants\\Day7\\RequestTrackerSolution\\RequestTrackerTest\\bin\\Debug\\net6.0\\fine-code-coverage\\coverage-tool-output</ResultsDirectory>\r\n        </Configuration>\r\n      </DataCollector>\r\n    </DataCollectors>\r\n  </DataCollectionRunSettings>\r\n</RunSettings>","TestExecutionContext":{"FrequencyOfRunStatsChangeEvent":10,"RunStatsChangeEventTimeout":"00:00:01.5000000","InIsolation":false,"KeepAlive":false,"AreTestCaseLevelEventsRequired":false,"IsDebug":false,"TestCaseFilter":null,"FilterOptions":null},"Package":null}}
TpTrace Verbose: 0 : 77684, 5, 2024/04/24, 09:49:30.016, 10599406673131, vstest.console.dll, ParallelProxyExecutionManager.StartTestRunOnConcurrentManager: Execution started. Started clients: 1
TpTrace Verbose: 0 : 77684, 13, 2024/04/24, 09:49:30.400, 10599410515116, vstest.console.dll, TcpClientExtensions.MessageLoopAsync: NotifyDataAvailable remoteEndPoint: 127.0.0.1:59338 localEndPoint: 127.0.0.1:59337
TpTrace Verbose: 0 : 77684, 13, 2024/04/24, 09:49:30.401, 10599410517420, vstest.console.dll, TestRequestSender.OnExecutionMessageReceived: Received message: {"Version":7,"MessageType":"TestSession.Message","Payload":{"MessageLevel":0,"Message":"NUnit Adapter 4.4.0.0: Test execution started"}}
TpTrace Verbose: 0 : 77684, 13, 2024/04/24, 09:49:30.401, 10599410519415, vstest.console.dll, TestRunRequest:SendTestRunMessage: Starting.
TpTrace Verbose: 0 : 77684, 13, 2024/04/24, 09:49:30.401, 10599410520070, vstest.console.dll, MulticastDelegateUtilities.SafeInvoke: TestRun.LogMessages: Invoking callback 1/1 for Microsoft.VisualStudio.TestPlatform.CommandLine.TestRunResultAggregator., took 0 ms.
TpTrace Information: 0 : 77684, 13, 2024/04/24, 09:49:30.401, 10599410520460, vstest.console.dll, TestRunRequest:SendTestRunMessage: Completed.
TpTrace Verbose: 0 : 77684, 4, 2024/04/24, 09:49:30.401, 10599410520567, vstest.console.dll, MulticastDelegateUtilities.SafeInvoke: InternalTestLoggerEvents.SendTestRunMessage: Invoking callback 1/1 for Microsoft.VisualStudio.TestPlatform.CommandLine.Internal.ConsoleLogger., took 0 ms.
TpTrace Verbose: 0 : 77684, 13, 2024/04/24, 09:49:30.401, 10599410520828, vstest.console.dll, MulticastDelegateUtilities.SafeInvoke: LengthPrefixCommunicationChannel: MessageReceived: Invoking callback 1/1 for Microsoft.VisualStudio.TestPlatform.CommunicationUtilities.TestRequestSender+<>c__DisplayClass34_0., took 0 ms.
TpTrace Verbose: 0 : 77684, 13, 2024/04/24, 09:49:30.401, 10599410521753, vstest.console.dll, TcpClientExtensions.MessageLoopAsync: Polling on remoteEndPoint: 127.0.0.1:59338 localEndPoint: 127.0.0.1:59337 after 406 ms
TpTrace Verbose: 0 : 77684, 13, 2024/04/24, 09:49:30.429, 10599410801336, vstest.console.dll, TcpClientExtensions.MessageLoopAsync: NotifyDataAvailable remoteEndPoint: 127.0.0.1:59338 localEndPoint: 127.0.0.1:59337
TpTrace Verbose: 0 : 77684, 13, 2024/04/24, 09:49:30.429, 10599410803566, vstest.console.dll, TestRequestSender.OnExecutionMessageReceived: Received message: {"Version":7,"MessageType":"TestSession.Message","Payload":{"MessageLevel":0,"Message":"Running all tests in D:\\GenSpark\\Presidio\\Participants\\Day7\\RequestTrackerSolution\\RequestTrackerTest\\bin\\Debug\\net6.0\\fine-code-coverage\\build-output\\RequestTrackerTest.dll"}}
TpTrace Verbose: 0 : 77684, 13, 2024/04/24, 09:49:30.429, 10599410805279, vstest.console.dll, TestRunRequest:SendTestRunMessage: Starting.
TpTrace Verbose: 0 : 77684, 13, 2024/04/24, 09:49:30.430, 10599410806063, vstest.console.dll, MulticastDelegateUtilities.SafeInvoke: TestRun.LogMessages: Invoking callback 1/1 for Microsoft.VisualStudio.TestPlatform.CommandLine.TestRunResultAggregator., took 0 ms.
TpTrace Verbose: 0 : 77684, 4, 2024/04/24, 09:49:30.430, 10599410806379, vstest.console.dll, MulticastDelegateUtilities.SafeInvoke: InternalTestLoggerEvents.SendTestRunMessage: Invoking callback 1/1 for Microsoft.VisualStudio.TestPlatform.CommandLine.Internal.ConsoleLogger., took 0 ms.
TpTrace Information: 0 : 77684, 13, 2024/04/24, 09:49:30.430, 10599410806478, vstest.console.dll, TestRunRequest:SendTestRunMessage: Completed.
TpTrace Verbose: 0 : 77684, 13, 2024/04/24, 09:49:30.430, 10599410807529, vstest.console.dll, MulticastDelegateUtilities.SafeInvoke: LengthPrefixCommunicationChannel: MessageReceived: Invoking callback 1/1 for Microsoft.VisualStudio.TestPlatform.CommunicationUtilities.TestRequestSender+<>c__DisplayClass34_0., took 0 ms.
TpTrace Verbose: 0 : 77684, 13, 2024/04/24, 09:49:30.430, 10599410808158, vstest.console.dll, TcpClientExtensions.MessageLoopAsync: Polling on remoteEndPoint: 127.0.0.1:59338 localEndPoint: 127.0.0.1:59337 after 28 ms
TpTrace Verbose: 0 : 77684, 13, 2024/04/24, 09:49:31.213, 10599418643524, vstest.console.dll, TcpClientExtensions.MessageLoopAsync: NotifyDataAvailable remoteEndPoint: 127.0.0.1:59338 localEndPoint: 127.0.0.1:59337
TpTrace Verbose: 0 : 77684, 13, 2024/04/24, 09:49:31.214, 10599418648419, vstest.console.dll, TestRequestSender.OnExecutionMessageReceived: Received message: {"Version":7,"MessageType":"TestSession.Message","Payload":{"MessageLevel":0,"Message":"   NUnit3TestExecutor discovered 6 of 6 NUnit test cases using Current Discovery mode, Non-Explicit run"}}
TpTrace Verbose: 0 : 77684, 13, 2024/04/24, 09:49:31.214, 10599418650050, vstest.console.dll, TestRunRequest:SendTestRunMessage: Starting.
TpTrace Verbose: 0 : 77684, 13, 2024/04/24, 09:49:31.214, 10599418650453, vstest.console.dll, MulticastDelegateUtilities.SafeInvoke: TestRun.LogMessages: Invoking callback 1/1 for Microsoft.VisualStudio.TestPlatform.CommandLine.TestRunResultAggregator., took 0 ms.
TpTrace Information: 0 : 77684, 13, 2024/04/24, 09:49:31.214, 10599418650608, vstest.console.dll, TestRunRequest:SendTestRunMessage: Completed.
TpTrace Verbose: 0 : 77684, 13, 2024/04/24, 09:49:31.214, 10599418650823, vstest.console.dll, MulticastDelegateUtilities.SafeInvoke: LengthPrefixCommunicationChannel: MessageReceived: Invoking callback 1/1 for Microsoft.VisualStudio.TestPlatform.CommunicationUtilities.TestRequestSender+<>c__DisplayClass34_0., took 0 ms.
TpTrace Verbose: 0 : 77684, 13, 2024/04/24, 09:49:31.214, 10599418651039, vstest.console.dll, TcpClientExtensions.MessageLoopAsync: Polling on remoteEndPoint: 127.0.0.1:59338 localEndPoint: 127.0.0.1:59337 after 784 ms
TpTrace Verbose: 0 : 77684, 4, 2024/04/24, 09:49:31.214, 10599418651593, vstest.console.dll, MulticastDelegateUtilities.SafeInvoke: InternalTestLoggerEvents.SendTestRunMessage: Invoking callback 1/1 for Microsoft.VisualStudio.TestPlatform.CommandLine.Internal.ConsoleLogger., took 0 ms.
TpTrace Verbose: 0 : 77684, 13, 2024/04/24, 09:49:32.215, 10599428657056, vstest.console.dll, TcpClientExtensions.MessageLoopAsync: Polling on remoteEndPoint: 127.0.0.1:59338 localEndPoint: 127.0.0.1:59337 after 1000 ms
TpTrace Verbose: 0 : 77684, 13, 2024/04/24, 09:49:32.418, 10599430692131, vstest.console.dll, TcpClientExtensions.MessageLoopAsync: NotifyDataAvailable remoteEndPoint: 127.0.0.1:59338 localEndPoint: 127.0.0.1:59337
TpTrace Verbose: 0 : 77684, 13, 2024/04/24, 09:49:32.418, 10599430694053, vstest.console.dll, TestRequestSender.OnExecutionMessageReceived: Received message: {"Version":7,"MessageType":"TestExecution.StatsChange","Payload":{"NewTestResults":[],"TestRunStatistics":{"ExecutedTests":0,"Stats":{}},"ActiveTests":[{"Id":"ebb01a70-cad9-abcf-a2ba-80240817267b","FullyQualifiedName":"RequestTrackerTest.DepartmentGetTest.GetPassTest(1,\"Hr\",101)","DisplayName":"GetPassTest(1,\"Hr\",101)","ExecutorUri":"executor://NUnit3TestExecutor","Source":"D:\\GenSpark\\Presidio\\Participants\\Day7\\RequestTrackerSolution\\RequestTrackerTest\\bin\\Debug\\net6.0\\fine-code-coverage\\build-output\\RequestTrackerTest.dll","CodeFilePath":null,"LineNumber":0,"Properties":[{"Key":{"Id":"NUnit.Seed","Label":"Seed","Category":"","Description":"","Attributes":0,"ValueType":"System.String"},"Value":"1072723406"}]}]}}
TpTrace Verbose: 0 : 77684, 13, 2024/04/24, 09:49:32.440, 10599430907343, vstest.console.dll, TestRunRequest:SendTestRunStatsChange: Starting.
TpTrace Verbose: 0 : 77684, 13, 2024/04/24, 09:49:32.440, 10599430908745, vstest.console.dll, InProgress is GetPassTest(1,"Hr",101)
TpTrace Verbose: 0 : 77684, 13, 2024/04/24, 09:49:32.440, 10599430909463, vstest.console.dll, MulticastDelegateUtilities.SafeInvoke: TestRun.RunStatsChanged: Invoking callbacks was skipped because there are no subscribers.
TpTrace Information: 0 : 77684, 13, 2024/04/24, 09:49:32.440, 10599430909650, vstest.console.dll, TestRunRequest:SendTestRunStatsChange: Completed.
TpTrace Verbose: 0 : 77684, 13, 2024/04/24, 09:49:32.440, 10599430909898, vstest.console.dll, MulticastDelegateUtilities.SafeInvoke: LengthPrefixCommunicationChannel: MessageReceived: Invoking callback 1/1 for Microsoft.VisualStudio.TestPlatform.CommunicationUtilities.TestRequestSender+<>c__DisplayClass34_0., took 21 ms.
TpTrace Verbose: 0 : 77684, 13, 2024/04/24, 09:49:32.440, 10599430910372, vstest.console.dll, TcpClientExtensions.MessageLoopAsync: Polling on remoteEndPoint: 127.0.0.1:59338 localEndPoint: 127.0.0.1:59337 after 225 ms
TpTrace Verbose: 0 : 77684, 13, 2024/04/24, 09:49:32.486, 10599431367532, vstest.console.dll, TcpClientExtensions.MessageLoopAsync: NotifyDataAvailable remoteEndPoint: 127.0.0.1:59338 localEndPoint: 127.0.0.1:59337
TpTrace Verbose: 0 : 77684, 13, 2024/04/24, 09:49:32.486, 10599431368951, vstest.console.dll, TestRequestSender.OnExecutionMessageReceived: Received message: {"Version":7,"MessageType":"TestSession.Message","Payload":{"MessageLevel":0,"Message":"NUnit Adapter 4.4.0.0: Test execution complete"}}
TpTrace Verbose: 0 : 77684, 13, 2024/04/24, 09:49:32.486, 10599431370054, vstest.console.dll, TestRunRequest:SendTestRunMessage: Starting.
TpTrace Verbose: 0 : 77684, 13, 2024/04/24, 09:49:32.486, 10599431370441, vstest.console.dll, MulticastDelegateUtilities.SafeInvoke: TestRun.LogMessages: Invoking callback 1/1 for Microsoft.VisualStudio.TestPlatform.CommandLine.TestRunResultAggregator., took 0 ms.
TpTrace Information: 0 : 77684, 13, 2024/04/24, 09:49:32.486, 10599431370629, vstest.console.dll, TestRunRequest:SendTestRunMessage: Completed.
TpTrace Verbose: 0 : 77684, 13, 2024/04/24, 09:49:32.486, 10599431370802, vstest.console.dll, MulticastDelegateUtilities.SafeInvoke: LengthPrefixCommunicationChannel: MessageReceived: Invoking callback 1/1 for Microsoft.VisualStudio.TestPlatform.CommunicationUtilities.TestRequestSender+<>c__DisplayClass34_0., took 0 ms.
TpTrace Verbose: 0 : 77684, 13, 2024/04/24, 09:49:32.486, 10599431370979, vstest.console.dll, TcpClientExtensions.MessageLoopAsync: Polling on remoteEndPoint: 127.0.0.1:59338 localEndPoint: 127.0.0.1:59337 after 46 ms
TpTrace Verbose: 0 : 77684, 4, 2024/04/24, 09:49:32.486, 10599431372316, vstest.console.dll, MulticastDelegateUtilities.SafeInvoke: InternalTestLoggerEvents.SendTestRunMessage: Invoking callback 1/1 for Microsoft.VisualStudio.TestPlatform.CommandLine.Internal.ConsoleLogger., took 0 ms.
TpTrace Verbose: 0 : 77684, 13, 2024/04/24, 09:49:32.509, 10599431603194, vstest.console.dll, TcpClientExtensions.MessageLoopAsync: NotifyDataAvailable remoteEndPoint: 127.0.0.1:59338 localEndPoint: 127.0.0.1:59337
TpTrace Verbose: 0 : 77684, 13, 2024/04/24, 09:49:32.510, 10599431606869, vstest.console.dll, TestRequestSender.OnExecutionMessageReceived: Received message: {"Version":7,"MessageType":"TestExecution.Completed","Payload":{"TestRunCompleteArgs":{"TestRunStatistics":{"ExecutedTests":6,"Stats":{"Passed":4,"Failed":2}},"IsCanceled":false,"IsAborted":false,"Error":null,"AttachmentSets":[],"InvokedDataCollectors":[],"ElapsedTimeInRunningTests":"00:00:02.1996706","Metrics":{},"DiscoveredExtensions":{"TestDiscoverers":["NUnit.VisualStudio.TestAdapter.NUnit3TestDiscoverer, NUnit3.TestAdapter, Version=4.4.0.0, Culture=neutral, PublicKeyToken=4cb40d35494691ac"],"TestExecutors":["executor://NUnit3TestExecutor"],"TestExecutors2":[],"TestSettingsProviders":[]}},"LastRunTests":{"NewTestResults":[{"TestCase":{"Id":"ebb01a70-cad9-abcf-a2ba-80240817267b","FullyQualifiedName":"RequestTrackerTest.DepartmentGetTest.GetPassTest(1,\"Hr\",101)","DisplayName":"GetPassTest(1,\"Hr\",101)","ExecutorUri":"executor://NUnit3TestExecutor","Source":"D:\\GenSpark\\Presidio\\Participants\\Day7\\RequestTrackerSolution\\RequestTrackerTest\\bin\\Debug\\net6.0\\fine-code-coverage\\build-output\\RequestTrackerTest.dll","CodeFilePath":null,"LineNumber":0,"Properties":[{"Key":{"Id":"NUnit.Seed","Label":"Seed","Category":"","Description":"","Attributes":0,"ValueType":"System.String"},"Value":"1072723406"}]},"Attachments":[],"Outcome":1,"ErrorMessage":null,"ErrorStackTrace":null,"DisplayName":"GetPassTest(1,\"Hr\",101)","Messages":[],"ComputerName":"G3SLAPTOP","Duration":"00:00:01.1733250","StartTime":"2024-04-24T04:19:31.2382753+00:00","EndTime":"2024-04-24T04:19:32.4115334+00:00","Properties":[{"Key":{"Id":"NUnit.Seed","Label":"Seed","Category":"","Description":"","Attributes":0,"ValueType":"System.String"},"Value":"1072723406"}]},{"TestCase":{"Id":"08ab9a1e-557d-6f34-261b-1f562aa7d9ed","FullyQualifiedName":"RequestTrackerTest.DepartmentGetTest.GetPassTest(2,\"Admin\",101)","DisplayName":"GetPassTest(2,\"Admin\",101)","ExecutorUri":"executor://NUnit3TestExecutor","Source":"D:\\GenSpark\\Presidio\\Participants\\Day7\\RequestTrackerSolution\\RequestTrackerTest\\bin\\Debug\\net6.0\\fine-code-coverage\\build-output\\RequestTrackerTest.dll","CodeFilePath":null,"LineNumber":0,"Properties":[{"Key":{"Id":"NUnit.Seed","Label":"Seed","Category":"","Description":"","Attributes":0,"ValueType":"System.String"},"Value":"2028593896"}]},"Attachments":[],"Outcome":2,"ErrorMessage":"System.Collections.Generic.KeyNotFoundException : The given key '2' was not present in the dictionary.","ErrorStackTrace":"   at System.Collections.Generic.Dictionary`2.get_Item(TKey key)\r\n   at RequestTrackerDALLibrary.DepartmentRepository.Get(Int32 key) in D:\\GenSpark\\Presidio\\Participants\\Day7\\RequestTrackerSolution\\RequestTrackerDALLibrary\\DepartmentRepository.cs:line 46\r\n   at RequestTrackerTest.DepartmentGetTest.GetPassTest(Int32 id, String name, Int32 hid) in D:\\GenSpark\\Presidio\\Participants\\Day7\\RequestTrackerSolution\\RequestTrackerTest\\DepartmentGetTest.cs:line 28\n","DisplayName":"GetPassTest(2,\"Admin\",101)","Messages":[],"ComputerName":"G3SLAPTOP","Duration":"00:00:00.0131640","StartTime":"2024-04-24T04:19:32.4129145+00:00","EndTime":"2024-04-24T04:19:32.426078+00:00","Properties":[{"Key":{"Id":"NUnit.Seed","Label":"Seed","Category":"","Description":"","Attributes":0,"ValueType":"System.String"},"Value":"2028593896"}]},{"TestCase":{"Id":"f5389a9e-6f1c-0369-4e8d-daaeb611e810","FullyQualifiedName":"RequestTrackerTest.DepartmentRepositoryTest.AddFailTest","DisplayName":"AddFailTest","ExecutorUri":"executor://NUnit3TestExecutor","Source":"D:\\GenSpark\\Presidio\\Participants\\Day7\\RequestTrackerSolution\\RequestTrackerTest\\bin\\Debug\\net6.0\\fine-code-coverage\\build-output\\RequestTrackerTest.dll","CodeFilePath":null,"LineNumber":0,"Properties":[{"Key":{"Id":"NUnit.Seed","Label":"Seed","Category":"","Description":"","Attributes":0,"ValueType":"System.String"},"Value":"2082662675"}]},"Attachments":[],"Outcome":1,"ErrorMessage":null,"ErrorStackTrace":null,"DisplayName":"AddFailTest","Messages":[],"ComputerName":"G3SLAPTOP","Duration":"00:00:00.0003560","StartTime":"2024-04-24T04:19:32.4288963+00:00","EndTime":"2024-04-24T04:19:32.4292523+00:00","Properties":[{"Key":{"Id":"NUnit.Seed","Label":"Seed","Category":"","Description":"","Attributes":0,"ValueType":"System.String"},"Value":"2082662675"}]},{"TestCase":{"Id":"a62a213a-4a20-69ee-458e-4eed4f135df0","FullyQualifiedName":"RequestTrackerTest.DepartmentRepositoryTest.AddSuccessTest","DisplayName":"AddSuccessTest","ExecutorUri":"executor://NUnit3TestExecutor","Source":"D:\\GenSpark\\Presidio\\Participants\\Day7\\RequestTrackerSolution\\RequestTrackerTest\\bin\\Debug\\net6.0\\fine-code-coverage\\build-output\\RequestTrackerTest.dll","CodeFilePath":null,"LineNumber":0,"Properties":[{"Key":{"Id":"NUnit.Seed","Label":"Seed","Category":"","Description":"","Attributes":0,"ValueType":"System.String"},"Value":"1103170677"}]},"Attachments":[],"Outcome":1,"ErrorMessage":null,"ErrorStackTrace":null,"DisplayName":"AddSuccessTest","Messages":[],"ComputerName":"G3SLAPTOP","Duration":"00:00:00.0076570","StartTime":"2024-04-24T04:19:32.4292641+00:00","EndTime":"2024-04-24T04:19:32.4369205+00:00","Properties":[{"Key":{"Id":"NUnit.Seed","Label":"Seed","Category":"","Description":"","Attributes":0,"ValueType":"System.String"},"Value":"1103170677"}]},{"TestCase":{"Id":"d874c932-d0b1-09bb-6635-dfba96a6b7ba","FullyQualifiedName":"RequestTrackerTest.DepartmentRepositoryTest.GetPassTest(1,\"Hr\",101)","DisplayName":"GetPassTest(1,\"Hr\",101)","ExecutorUri":"executor://NUnit3TestExecutor","Source":"D:\\GenSpark\\Presidio\\Participants\\Day7\\RequestTrackerSolution\\RequestTrackerTest\\bin\\Debug\\net6.0\\fine-code-coverage\\build-output\\RequestTrackerTest.dll","CodeFilePath":null,"LineNumber":0,"Properties":[{"Key":{"Id":"NUnit.Seed","Label":"Seed","Category":"","Description":"","Attributes":0,"ValueType":"System.String"},"Value":"851073370"}]},"Attachments":[],"Outcome":1,"ErrorMessage":null,"ErrorStackTrace":null,"DisplayName":"GetPassTest(1,\"Hr\",101)","Messages":[],"ComputerName":"G3SLAPTOP","Duration":"00:00:00.0002630","StartTime":"2024-04-24T04:19:32.4370024+00:00","EndTime":"2024-04-24T04:19:32.4372657+00:00","Properties":[{"Key":{"Id":"NUnit.Seed","Label":"Seed","Category":"","Description":"","Attributes":0,"ValueType":"System.String"},"Value":"851073370"}]},{"TestCase":{"Id":"d62e4149-ca51-ac2a-88a4-42a5f3df60c2","FullyQualifiedName":"RequestTrackerTest.DepartmentRepositoryTest.GetPassTest(2,\"Admin\",101)","DisplayName":"GetPassTest(2,\"Admin\",101)","ExecutorUri":"executor://NUnit3TestExecutor","Source":"D:\\GenSpark\\Presidio\\Participants\\Day7\\RequestTrackerSolution\\RequestTrackerTest\\bin\\Debug\\net6.0\\fine-code-coverage\\build-output\\RequestTrackerTest.dll","CodeFilePath":null,"LineNumber":0,"Properties":[{"Key":{"Id":"NUnit.Seed","Label":"Seed","Category":"","Description":"","Attributes":0,"ValueType":"System.String"},"Value":"1876240817"}]},"Attachments":[],"Outcome":2,"ErrorMessage":"System.Collections.Generic.KeyNotFoundException : The given key '2' was not present in the dictionary.","ErrorStackTrace":"   at System.Collections.Generic.Dictionary`2.get_Item(TKey key)\r\n   at RequestTrackerDALLibrary.DepartmentRepository.Get(Int32 key) in D:\\GenSpark\\Presidio\\Participants\\Day7\\RequestTrackerSolution\\RequestTrackerDALLibrary\\DepartmentRepository.cs:line 46\r\n   at RequestTrackerTest.DepartmentRepositoryTest.GetPassTest(Int32 id, String name, Int32 hid) in D:\\GenSpark\\Presidio\\Participants\\Day7\\RequestTrackerSolution\\RequestTrackerTest\\DepartmentRepositoryTest.cs:line 47\n","DisplayName":"GetPassTest(2,\"Admin\",101)","Messages":[],"ComputerName":"G3SLAPTOP","Duration":"00:00:00.0009750","StartTime":"2024-04-24T04:19:32.4372812+00:00","EndTime":"2024-04-24T04:19:32.4382557+00:00","Properties":[{"Key":{"Id":"NUnit.Seed","Label":"Seed","Category":"","Description":"","Attributes":0,"ValueType":"System.String"},"Value":"1876240817"}]}],"TestRunStatistics":{"ExecutedTests":6,"Stats":{"Passed":4,"Failed":2}},"ActiveTests":[]},"RunAttachments":[],"ExecutorUris":["executor://nunit3testexecutor/"]}}
TpTrace Verbose: 0 : 77684, 13, 2024/04/24, 09:49:32.510, 10599431608222, vstest.console.dll, TestRequestSender.EndSession: Sending end session.
TpTrace Verbose: 0 : 77684, 13, 2024/04/24, 09:49:32.510, 10599431609820, vstest.console.dll, ProxyOperationManager.Close: waiting for test host to exit for 100 ms
TpTrace Verbose: 0 : 77684, 11, 2024/04/24, 09:49:32.542, 10599431931987, vstest.console.dll, TestHostManagerCallbacks.ctor: Experimental forwarding output is disabled.
TpTrace Warning: 0 : 77684, 11, 2024/04/24, 09:49:32.542, 10599431933236, vstest.console.dll, TestHostManagerCallbacks.ErrorReceivedCallback Test host standard error line: 
TpTrace Verbose: 0 : 77684, 11, 2024/04/24, 09:49:32.550, 10599432006803, vstest.console.dll, TestHostProvider.ExitCallBack: Host exited starting callback.
TpTrace Information: 0 : 77684, 11, 2024/04/24, 09:49:32.550, 10599432008075, vstest.console.dll, TestHostManagerCallbacks.ExitCallBack: Testhost processId: 77976 exited with exitcode: 0 error: ''
TpTrace Verbose: 0 : 77684, 11, 2024/04/24, 09:49:32.550, 10599432008297, vstest.console.dll, DotnetTestHostManager.OnHostExited: invoking OnHostExited callback
TpTrace Verbose: 0 : 77684, 11, 2024/04/24, 09:49:32.550, 10599432008663, vstest.console.dll, CrossPlatEngine.TestHostManagerHostExited: calling on client process exit callback.
TpTrace Information: 0 : 77684, 11, 2024/04/24, 09:49:32.550, 10599432008973, vstest.console.dll, TestRequestSender.OnClientProcessExit: Test host process exited. Standard error: 
TpTrace Information: 0 : 77684, 11, 2024/04/24, 09:49:32.550, 10599432009181, vstest.console.dll, SocketServer.Stop: Stop server endPoint: 127.0.0.1:59337
TpTrace Information: 0 : 77684, 11, 2024/04/24, 09:49:32.550, 10599432009310, vstest.console.dll, SocketServer.Stop: Cancellation requested. Stopping message loop.
TpTrace Verbose: 0 : 77684, 11, 2024/04/24, 09:49:32.550, 10599432009944, vstest.console.dll, MulticastDelegateUtilities.SafeInvoke: HostProviderEvents.OnHostExited: Invoking callback 1/1 for Microsoft.VisualStudio.TestPlatform.CrossPlatEngine.Client.ProxyOperationManager., took 0 ms.
TpTrace Information: 0 : 77684, 13, 2024/04/24, 09:49:32.550, 10599432010200, vstest.console.dll, SocketServer.Stop: Stop server endPoint: 127.0.0.1:59337
TpTrace Information: 0 : 77684, 13, 2024/04/24, 09:49:32.550, 10599432010676, vstest.console.dll, SocketServer.Stop: Cancellation requested. Stopping message loop.
TpTrace Information: 0 : 77684, 13, 2024/04/24, 09:49:32.550, 10599432010945, vstest.console.dll, Closing the connection
TpTrace Verbose: 0 : 77684, 13, 2024/04/24, 09:49:32.550, 10599432012488, vstest.console.dll, ProxyDataCollectionManager.InvokeDataCollectionServiceAction: Starting.
TpTrace Information: 0 : 77684, 13, 2024/04/24, 09:49:32.550, 10599432012767, vstest.console.dll, ProxyDataCollectionManager.AfterTestRunEnd: Get attachment set and invoked data collectors processId: 77940 port: 59334
TpTrace Verbose: 0 : 77684, 13, 2024/04/24, 09:49:32.550, 10599432013048, vstest.console.dll, DataCollectionRequestSender.SendAfterTestRunStartAndGetResult: Send AfterTestRunEnd message with isCancelled: False
TpTrace Verbose: 0 : 77684, 13, 2024/04/24, 09:49:32.556, 10599432070485, vstest.console.dll, DataCollectionRequestSender.SendAfterTestRunStartAndGetResult: Received message: (DataCollection.AfterTestRunEndResult) -> {"MessageType":"DataCollection.AfterTestRunEndResult","Payload":{"AttachmentSets":[],"InvokedDataCollectors":[{"Uri":"datacollector://Microsoft/TestPlatform/Extensions/Blame/v1","FriendlyName":"Blame","AssemblyQualifiedName":"Microsoft.TestPlatform.Extensions.BlameDataCollector.BlameCollector, Microsoft.TestPlatform.Extensions.BlameDataCollector, Version=15.0.0.0, Culture=neutral, PublicKeyToken=b03f5f7f11d50a3a","FilePath":"C:\\Program Files\\dotnet\\sdk\\8.0.200\\Extensions\\Microsoft.TestPlatform.Extensions.BlameDataCollector.dll","HasAttachmentProcessor":false}],"Metrics":{}}}
TpTrace Information: 0 : 77684, 13, 2024/04/24, 09:49:32.562, 10599432126097, vstest.console.dll, ProxyDataCollectionManager.InvokeDataCollectionServiceAction: Completed.
TpTrace Warning: 0 : 77684, 10, 2024/04/24, 09:49:32.572, 10599432234924, vstest.console.dll, DataCollectionLauncher.ErrorReceivedCallback datacollector standard error line: 
TpTrace Information: 0 : 77684, 10, 2024/04/24, 09:49:32.579, 10599432302111, vstest.console.dll, DataCollectionLauncher.ExitCallBack: Data collector exited with exitcode: 0 error: ''
TpTrace Verbose: 0 : 77684, 13, 2024/04/24, 09:49:32.609, 10599432597699, vstest.console.dll, TestRunRequest:SendTestRunStatsChange: Starting.
TpTrace Verbose: 0 : 77684, 13, 2024/04/24, 09:49:32.609, 10599432600827, vstest.console.dll, MulticastDelegateUtilities.SafeInvoke: TestRun.RunStatsChanged: Invoking callbacks was skipped because there are no subscribers.
TpTrace Information: 0 : 77684, 13, 2024/04/24, 09:49:32.609, 10599432601455, vstest.console.dll, TestRunRequest:SendTestRunStatsChange: Completed.
TpTrace Verbose: 0 : 77684, 13, 2024/04/24, 09:49:32.609, 10599432605275, vstest.console.dll, ParallelProxyExecutionManager: HandlePartialRunComplete: Total workloads = 1, Total started clients = 1 Total completed clients = 1, Run complete = True, Run canceled: False.
TpTrace Verbose: 0 : 77684, 13, 2024/04/24, 09:49:32.610, 10599432605844, vstest.console.dll, ParallelProxyExecutionManager: HandlePartialRunComplete: All runs completed stopping all managers.
TpTrace Verbose: 0 : 77684, 13, 2024/04/24, 09:49:32.610, 10599432606260, vstest.console.dll, ParallelOperationManager.StopAllManagers: Stopping all managers.
TpTrace Verbose: 0 : 77684, 13, 2024/04/24, 09:49:32.610, 10599432606482, vstest.console.dll, ParallelOperationManager.ClearSlots: Clearing all slots. Slots should accept more work: False
TpTrace Verbose: 0 : 77684, 13, 2024/04/24, 09:49:32.610, 10599432606942, vstest.console.dll, ParallelOperationManager.SetOccupiedSlotCount: Setting slot counts AvailableSlotCount = 3, OccupiedSlotCount = 0.
TpTrace Verbose: 0 : 77684, 13, 2024/04/24, 09:49:32.610, 10599432607420, vstest.console.dll, Occupied slots:

TpTrace Verbose: 0 : 77684, 4, 2024/04/24, 09:49:32.611, 10599432622705, vstest.console.dll, MulticastDelegateUtilities.SafeInvoke: InternalTestLoggerEvents.SendTestResult: Invoking callback 1/1 for Microsoft.VisualStudio.TestPlatform.CommandLine.Internal.ConsoleLogger., took 2 ms.
TpTrace Verbose: 0 : 77684, 4, 2024/04/24, 09:49:32.612, 10599432632272, vstest.console.dll, MulticastDelegateUtilities.SafeInvoke: InternalTestLoggerEvents.SendTestResult: Invoking callback 1/1 for Microsoft.VisualStudio.TestPlatform.CommandLine.Internal.ConsoleLogger., took 0 ms.
TpTrace Verbose: 0 : 77684, 4, 2024/04/24, 09:49:32.612, 10599432633733, vstest.console.dll, MulticastDelegateUtilities.SafeInvoke: InternalTestLoggerEvents.SendTestResult: Invoking callback 1/1 for Microsoft.VisualStudio.TestPlatform.CommandLine.Internal.ConsoleLogger., took 0 ms.
TpTrace Verbose: 0 : 77684, 4, 2024/04/24, 09:49:32.612, 10599432634283, vstest.console.dll, MulticastDelegateUtilities.SafeInvoke: InternalTestLoggerEvents.SendTestResult: Invoking callback 1/1 for Microsoft.VisualStudio.TestPlatform.CommandLine.Internal.ConsoleLogger., took 0 ms.
TpTrace Verbose: 0 : 77684, 4, 2024/04/24, 09:49:32.612, 10599432634729, vstest.console.dll, MulticastDelegateUtilities.SafeInvoke: InternalTestLoggerEvents.SendTestResult: Invoking callback 1/1 for Microsoft.VisualStudio.TestPlatform.CommandLine.Internal.ConsoleLogger., took 0 ms.
TpTrace Verbose: 0 : 77684, 4, 2024/04/24, 09:49:32.613, 10599432636320, vstest.console.dll, MulticastDelegateUtilities.SafeInvoke: InternalTestLoggerEvents.SendTestResult: Invoking callback 1/1 for Microsoft.VisualStudio.TestPlatform.CommandLine.Internal.ConsoleLogger., took 0 ms.
TpTrace Verbose: 0 : 77684, 4, 2024/04/24, 09:49:32.620, 10599432706026, vstest.console.dll, MulticastDelegateUtilities.SafeInvoke: InternalTestLoggerEvents.SendTestRunComplete: Invoking callback 1/2 for Microsoft.TestPlatform.Extensions.BlameDataCollector.BlameLogger., took 0 ms.
TpTrace Verbose: 0 : 77684, 4, 2024/04/24, 09:49:32.625, 10599432756754, vstest.console.dll, MulticastDelegateUtilities.SafeInvoke: InternalTestLoggerEvents.SendTestRunComplete: Invoking callback 2/2 for Microsoft.VisualStudio.TestPlatform.CommandLine.Internal.ConsoleLogger., took 4 ms.
TpTrace Verbose: 0 : 77684, 13, 2024/04/24, 09:49:32.625, 10599432761428, vstest.console.dll, TestRunRequest:TestRunComplete: Starting. IsAborted:False IsCanceled:False.
TpTrace Verbose: 0 : 77684, 13, 2024/04/24, 09:49:32.625, 10599432763411, vstest.console.dll, ParallelOperationManager.DoActionOnAllManagers: Calling an action on all managers.
TpTrace Verbose: 0 : 77684, 13, 2024/04/24, 09:49:32.627, 10599432785193, vstest.console.dll, TestLoggerManager.HandleTestRunComplete: Ignoring as the object is disposed.
TpTrace Verbose: 0 : 77684, 13, 2024/04/24, 09:49:32.628, 10599432788122, vstest.console.dll, MulticastDelegateUtilities.SafeInvoke: TestRun.TestRunComplete: Invoking callback 1/2 for Microsoft.VisualStudio.TestPlatform.CommandLine.TestRunResultAggregator., took 0 ms.
TpTrace Verbose: 0 : 77684, 13, 2024/04/24, 09:49:32.628, 10599432789404, vstest.console.dll, MulticastDelegateUtilities.SafeInvoke: TestRun.TestRunComplete: Invoking callback 2/2 for Microsoft.VisualStudio.TestPlatform.CommandLine.Processors.RunTestsArgumentExecutor+TestRunRequestEventsRegistrar., took 0 ms.
TpTrace Information: 0 : 77684, 13, 2024/04/24, 09:49:32.628, 10599432790386, vstest.console.dll, TestRunRequest:TestRunComplete: Completed.
TpTrace Verbose: 0 : 77684, 1, 2024/04/24, 09:49:32.628, 10599432790556, vstest.console.dll, TestRunRequest.Dispose: Starting.
TpTrace Verbose: 0 : 77684, 13, 2024/04/24, 09:49:32.628, 10599432790630, vstest.console.dll, TestRequestSender.SetOperationComplete: Setting operation complete.
TpTrace Information: 0 : 77684, 1, 2024/04/24, 09:49:32.628, 10599432791347, vstest.console.dll, TestRunRequest.Dispose: Completed.
TpTrace Information: 0 : 77684, 13, 2024/04/24, 09:49:32.628, 10599432791689, vstest.console.dll, SocketServer.Stop: Stop server endPoint: 127.0.0.1:59337
TpTrace Information: 0 : 77684, 13, 2024/04/24, 09:49:32.628, 10599432791960, vstest.console.dll, SocketServer.Stop: Cancellation requested. Stopping message loop.
TpTrace Information: 0 : 77684, 1, 2024/04/24, 09:49:32.628, 10599432792167, vstest.console.dll, TestRequestManager.RunTests: run tests completed.
TpTrace Verbose: 0 : 77684, 13, 2024/04/24, 09:49:32.628, 10599432792214, vstest.console.dll, MulticastDelegateUtilities.SafeInvoke: LengthPrefixCommunicationChannel: MessageReceived: Invoking callback 1/1 for Microsoft.VisualStudio.TestPlatform.CommunicationUtilities.TestRequestSender+<>c__DisplayClass34_0., took 118 ms.
TpTrace Information: 0 : 77684, 13, 2024/04/24, 09:49:32.628, 10599432792793, vstest.console.dll, SocketServer.PrivateStop: Stopping server endPoint: 127.0.0.1:59337 error: 
TpTrace Information: 0 : 77684, 1, 2024/04/24, 09:49:32.628, 10599432792870, vstest.console.dll, RunTestsArgumentProcessor:Execute: Test run is completed.
TpTrace Verbose: 0 : 77684, 1, 2024/04/24, 09:49:32.629, 10599432795665, vstest.console.dll, Executor.Execute: Exiting with exit code of 1
TpTrace Verbose: 0 : 77684, 13, 2024/04/24, 09:49:32.629, 10599432797048, vstest.console.dll, LengthPrefixCommunicationChannel.Dispose: Dispose reader and writer.
TpTrace Information: 0 : 77684, 13, 2024/04/24, 09:49:32.629, 10599432797873, vstest.console.dll, SocketServer.Stop: Raise disconnected event endPoint: 127.0.0.1:59337 error: 
TpTrace Verbose: 0 : 77684, 13, 2024/04/24, 09:49:32.629, 10599432798766, vstest.console.dll, TestRequestSender: OnTestRunAbort: Operation is already complete. Skip error message.
TpTrace Verbose: 0 : 77684, 13, 2024/04/24, 09:49:32.629, 10599432799121, vstest.console.dll, MulticastDelegateUtilities.SafeInvoke: SocketServer: ClientDisconnected: Invoking callback 1/1 for Microsoft.VisualStudio.TestPlatform.CommunicationUtilities.TestRequestSender., took 0 ms.
TpTrace Verbose: 0 : 77684, 13, 2024/04/24, 09:49:32.629, 10599432799365, vstest.console.dll, TcpClientExtensions.MessageLoopAsync: exiting MessageLoopAsync remoteEndPoint: 127.0.0.1:59338 localEndPoint: 127.0.0.1:59337
